This is pdfTeX, Version 3.141592653-2.6-1.40.29 (MiKTeX 26.5) (preloaded format=pdflatex 2026.6.25)  1 JUL 2026 19:12
entering extended mode
 restricted \write18 enabled.
 %&-line parsing enabled.
**./main.tex
(main.tex
LaTeX2e <2026-06-01>
L3 programming layer <2026-05-26>
(C:\Program Files\MiKTeX\tex/latex/base\article.cls
Document Class: article 2025/01/22 v1.4n Standard LaTeX document class
(C:\Program Files\MiKTeX\tex/latex/base\size12.clo
File: size12.clo 2025/01/22 v1.4n Standard LaTeX file (size option)
)
\c@part=\count276
\c@section=\count277
\c@subsection=\count278
\c@subsubsection=\count279
\c@paragraph=\count280
\c@subparagraph=\count281
\c@figure=\count282
\c@table=\count283
\abovecaptionskip=\skip49
\belowcaptionskip=\skip50
\bibindent=\dimen150
)
(C:\Program Files\MiKTeX\tex/latex/base\inputenc.sty
Package: inputenc 2024/02/08 v1.3d Input encoding file
\inpenc@prehook=\toks17
\inpenc@posthook=\toks18
)
(C:\Program Files\MiKTeX\tex/latex/base\fontenc.sty
Package: fontenc 2025/07/18 v2.1d Standard LaTeX package

(C:\Program Files\MiKTeX\tex/latex/vntex\t5enc.def
File: t5enc.def 2006/11/21 v1.4 Vietnamese T5 encoding
Now handling font encoding T5 ...
... processing UTF-8 mapping file for font encoding T5

(C:\Program Files\MiKTeX\tex/latex/vntex\t5enc.dfu
File: t5enc.dfu 2006/08/19 v1.1 UTF8 support for Vietnamese
   defining Unicode char U+00AB (decimal 171)
   defining Unicode char U+00BB (decimal 187)
   defining Unicode char U+00C0 (decimal 192)
   defining Unicode char U+00C1 (decimal 193)
   defining Unicode char U+00C2 (decimal 194)
   defining Unicode char U+00C3 (decimal 195)
   defining Unicode char U+00C8 (decimal 200)
   defining Unicode char U+00C9 (decimal 201)
   defining Unicode char U+00CA (decimal 202)
   defining Unicode char U+00CC (decimal 204)
   defining Unicode char U+00CD (decimal 205)
   defining Unicode char U+00D2 (decimal 210)
   defining Unicode char U+00D3 (decimal 211)
   defining Unicode char U+00D4 (decimal 212)
   defining Unicode char U+00D5 (decimal 213)
   defining Unicode char U+00D9 (decimal 217)
   defining Unicode char U+00DA (decimal 218)
   defining Unicode char U+00DD (decimal 221)
   defining Unicode char U+00E0 (decimal 224)
   defining Unicode char U+00E1 (decimal 225)
   defining Unicode char U+00E2 (decimal 226)
   defining Unicode char U+00E3 (decimal 227)
   defining Unicode char U+00E8 (decimal 232)
   defining Unicode char U+00E9 (decimal 233)
   defining Unicode char U+00EA (decimal 234)
   defining Unicode char U+00EC (decimal 236)
   defining Unicode char U+00ED (decimal 237)
   defining Unicode char U+00F2 (decimal 242)
   defining Unicode char U+00F3 (decimal 243)
   defining Unicode char U+00F4 (decimal 244)
   defining Unicode char U+00F5 (decimal 245)
   defining Unicode char U+00F9 (decimal 249)
   defining Unicode char U+00FA (decimal 250)
   defining Unicode char U+00FD (decimal 253)
   defining Unicode char U+0102 (decimal 258)
   defining Unicode char U+0103 (decimal 259)
   defining Unicode char U+0110 (decimal 272)
   defining Unicode char U+0111 (decimal 273)
   defining Unicode char U+0128 (decimal 296)
   defining Unicode char U+0129 (decimal 297)
   defining Unicode char U+0131 (decimal 305)
   defining Unicode char U+0168 (decimal 360)
   defining Unicode char U+0169 (decimal 361)
   defining Unicode char U+01A0 (decimal 416)
   defining Unicode char U+01A1 (decimal 417)
   defining Unicode char U+01AF (decimal 431)
   defining Unicode char U+01B0 (decimal 432)
   defining Unicode char U+1EA0 (decimal 7840)
   defining Unicode char U+1EA1 (decimal 7841)
   defining Unicode char U+1EA2 (decimal 7842)
   defining Unicode char U+1EA3 (decimal 7843)
   defining Unicode char U+1EA4 (decimal 7844)
   defining Unicode char U+1EA5 (decimal 7845)
   defining Unicode char U+1EA6 (decimal 7846)
   defining Unicode char U+1EA7 (decimal 7847)
   defining Unicode char U+1EA8 (decimal 7848)
   defining Unicode char U+1EA9 (decimal 7849)
   defining Unicode char U+1EAA (decimal 7850)
   defining Unicode char U+1EAB (decimal 7851)
   defining Unicode char U+1EAC (decimal 7852)
   defining Unicode char U+1EAD (decimal 7853)
   defining Unicode char U+1EAE (decimal 7854)
   defining Unicode char U+1EAF (decimal 7855)
   defining Unicode char U+1EB0 (decimal 7856)
   defining Unicode char U+1EB1 (decimal 7857)
   defining Unicode char U+1EB2 (decimal 7858)
   defining Unicode char U+1EB3 (decimal 7859)
   defining Unicode char U+1EB4 (decimal 7860)
   defining Unicode char U+1EB5 (decimal 7861)
   defining Unicode char U+1EB6 (decimal 7862)
   defining Unicode char U+1EB7 (decimal 7863)
   defining Unicode char U+1EB8 (decimal 7864)
   defining Unicode char U+1EB9 (decimal 7865)
   defining Unicode char U+1EBA (decimal 7866)
   defining Unicode char U+1EBB (decimal 7867)
   defining Unicode char U+1EBC (decimal 7868)
   defining Unicode char U+1EBD (decimal 7869)
   defining Unicode char U+1EBE (decimal 7870)
   defining Unicode char U+1EBF (decimal 7871)
   defining Unicode char U+1EC0 (decimal 7872)
   defining Unicode char U+1EC1 (decimal 7873)
   defining Unicode char U+1EC2 (decimal 7874)
   defining Unicode char U+1EC3 (decimal 7875)
   defining Unicode char U+1EC4 (decimal 7876)
   defining Unicode char U+1EC5 (decimal 7877)
   defining Unicode char U+1EC6 (decimal 7878)
   defining Unicode char U+1EC7 (decimal 7879)
   defining Unicode char U+1EC8 (decimal 7880)
   defining Unicode char U+1EC9 (decimal 7881)
   defining Unicode char U+1ECA (decimal 7882)
   defining Unicode char U+1ECB (decimal 7883)
   defining Unicode char U+1ECC (decimal 7884)
   defining Unicode char U+1ECD (decimal 7885)
   defining Unicode char U+1ECE (decimal 7886)
   defining Unicode char U+1ECF (decimal 7887)
   defining Unicode char U+1ED0 (decimal 7888)
   defining Unicode char U+1ED1 (decimal 7889)
   defining Unicode char U+1ED2 (decimal 7890)
   defining Unicode char U+1ED3 (decimal 7891)
   defining Unicode char U+1ED4 (decimal 7892)
   defining Unicode char U+1ED5 (decimal 7893)
   defining Unicode char U+1ED6 (decimal 7894)
   defining Unicode char U+1ED7 (decimal 7895)
   defining Unicode char U+1ED8 (decimal 7896)
   defining Unicode char U+1ED9 (decimal 7897)
   defining Unicode char U+1EDA (decimal 7898)
   defining Unicode char U+1EDB (decimal 7899)
   defining Unicode char U+1EDC (decimal 7900)
   defining Unicode char U+1EDD (decimal 7901)
   defining Unicode char U+1EDE (decimal 7902)
   defining Unicode char U+1EDF (decimal 7903)
   defining Unicode char U+1EE0 (decimal 7904)
   defining Unicode char U+1EE1 (decimal 7905)
   defining Unicode char U+1EE2 (decimal 7906)
   defining Unicode char U+1EE3 (decimal 7907)
   defining Unicode char U+1EE4 (decimal 7908)
   defining Unicode char U+1EE5 (decimal 7909)
   defining Unicode char U+1EE6 (decimal 7910)
   defining Unicode char U+1EE7 (decimal 7911)
   defining Unicode char U+1EE8 (decimal 7912)
   defining Unicode char U+1EE9 (decimal 7913)
   defining Unicode char U+1EEA (decimal 7914)
   defining Unicode char U+1EEB (decimal 7915)
   defining Unicode char U+1EEC (decimal 7916)
   defining Unicode char U+1EED (decimal 7917)
   defining Unicode char U+1EEE (decimal 7918)
   defining Unicode char U+1EEF (decimal 7919)
   defining Unicode char U+1EF0 (decimal 7920)
   defining Unicode char U+1EF1 (decimal 7921)
   defining Unicode char U+1EF2 (decimal 7922)
   defining Unicode char U+1EF3 (decimal 7923)
   defining Unicode char U+1EF4 (decimal 7924)
   defining Unicode char U+1EF5 (decimal 7925)
   defining Unicode char U+1EF6 (decimal 7926)
   defining Unicode char U+1EF7 (decimal 7927)
   defining Unicode char U+1EF8 (decimal 7928)
   defining Unicode char U+1EF9 (decimal 7929)
   defining Unicode char U+200C (decimal 8204)
   defining Unicode char U+2013 (decimal 8211)
   defining Unicode char U+2014 (decimal 8212)
   defining Unicode char U+2018 (decimal 8216)
   defining Unicode char U+2019 (decimal 8217)
   defining Unicode char U+201A (decimal 8218)
   defining Unicode char U+201C (decimal 8220)
   defining Unicode char U+201D (decimal 8221)
   defining Unicode char U+201E (decimal 8222)
   defining Unicode char U+2030 (decimal 8240)
   defining Unicode char U+2031 (decimal 8241)
   defining Unicode char U+2039 (decimal 8249)
   defining Unicode char U+203A (decimal 8250)
   defining Unicode char U+2423 (decimal 9251)
))
LaTeX Font Info:    Trying to load font information for T5+cmr on input line 11
6.

(C:\Program Files\MiKTeX\tex/latex/vntex\t5cmr.fd
File: t5cmr.fd 1999/05/25 v2.5h Standard LaTeX font definitions
))
(C:\Program Files\MiKTeX\tex/generic/babel\babel.sty
Package: babel 2026/05/20 v26.8 The multilingual framework for LuaLaTeX, pdfLaT
eX and XeLaTeX
\babel@savecnt=\count284
LaTeX Encoding Info:    Redeclaring text command \ij (encoding OT1) on input li
ne 2084.
LaTeX Encoding Info:    Redeclaring text command \IJ (encoding OT1) on input li
ne 2086.
LaTeX Encoding Info:    Redeclaring text command \ij (encoding T1) on input lin
e 2088.
LaTeX Encoding Info:    Redeclaring text command \IJ (encoding T1) on input lin
e 2089.
LaTeX Encoding Info:    Ignoring declaration for text command \ij (encoding ?) 
on input line 2090.
LaTeX Encoding Info:    Ignoring declaration for text command \IJ (encoding ?) 
on input line 2092.
LaTeX Encoding Info:    Ignoring declaration for text command \SS (encoding ?) 
on input line 2117.
\U@D=\dimen151
\l@unhyphenated=\language79

(C:\Program Files\MiKTeX\tex/generic/babel\txtbabel.def)
\bbl@readstream=\read2
\bbl@dirlevel=\count285
Package babel Info: Configuration files are deprecated, as
(babel)             they can break document portability.
(babel)             Reported on input line 4228.

*************************************
* Local config file bblopts.cfg used
*
(C:\Program Files\MiKTeX\tex/latex/arabi\bblopts.cfg
File: bblopts.cfg 2005/09/08 v0.1 add Arabic and Farsi to "declared" options of
 babel
)
(C:\Program Files\MiKTeX\tex/generic/babel/locale/vi\babel-vietnamese.tex)
Package babel Info: Importing font and identification data for vietnamese
(babel)             from babel-vi.ini. Reported on input line 4356.

(C:\Program Files\MiKTeX\tex/latex/babel-vietnamese\vietnamese.ldf
Language: vietnamese 


Package babel Warning: No hyphenation patterns were preloaded for
(babel)                the language 'Vietnamese' into the format.
(babel)                Please, configure your TeX system to add them and
(babel)                rebuild the format. Now I will use the patterns
(babel)                preloaded for \language=0 instead on input line 36.

Package babel Info: Hyphen rules for 'vietnamese' set to \l@english
(babel)             (\language0). Reported on input line 37.
Package babel Info: Hyphen rules for 'vietnam' set to \l@english
(babel)             (\language0). Reported on input line 38.
Loading definitions for the Vietnamese font encoding
(C:\Program Files\MiKTeX\tex/latex/vntex\t5enc.def
File: t5enc.def 2006/11/21 v1.4 Vietnamese T5 encoding
LaTeX Font Info:    Redeclaring font encoding T5 on input line 75.
LaTeX Encoding Info:    Redeclaring text command \` (encoding T5) on input line
 79.
LaTeX Encoding Info:    Redeclaring text command \' (encoding T5) on input line
 80.
LaTeX Encoding Info:    Redeclaring text command \^ (encoding T5) on input line
 81.
LaTeX Encoding Info:    Redeclaring text command \~ (encoding T5) on input line
 82.
LaTeX Encoding Info:    Redeclaring text command \" (encoding T5) on input line
 83.
LaTeX Encoding Info:    Redeclaring text command \r (encoding T5) on input line
 84.
LaTeX Encoding Info:    Redeclaring text command \v (encoding T5) on input line
 85.
LaTeX Encoding Info:    Redeclaring text command \u (encoding T5) on input line
 86.
LaTeX Encoding Info:    Redeclaring text command \= (encoding T5) on input line
 87.
LaTeX Encoding Info:    Redeclaring text command \. (encoding T5) on input line
 88.
LaTeX Encoding Info:    Redeclaring text command \b (encoding T5) on input line
 90.
LaTeX Encoding Info:    Redeclaring text command \c (encoding T5) on input line
 94.
LaTeX Encoding Info:    Redeclaring text command \d (encoding T5) on input line
 98.
LaTeX Encoding Info:    Redeclaring text command \h (encoding T5) on input line
 103.
LaTeX Encoding Info:    Redeclaring text symbol \quotesinglbase (encoding T5) o
n input line 105.
LaTeX Encoding Info:    Redeclaring text symbol \guilsinglleft (encoding T5) on
 input line 106.
LaTeX Encoding Info:    Redeclaring text symbol \guilsinglright (encoding T5) o
n input line 107.
LaTeX Encoding Info:    Redeclaring text symbol \textquotedblleft (encoding T5)
 on input line 108.
LaTeX Encoding Info:    Redeclaring text symbol \textquotedblright (encoding T5
) on input line 109.
LaTeX Encoding Info:    Redeclaring text symbol \quotedblbase (encoding T5) on 
input line 110.
LaTeX Encoding Info:    Redeclaring text symbol \guillemotleft (encoding T5) on
 input line 111.
LaTeX Encoding Info:    Redeclaring text symbol \guillemotright (encoding T5) o
n input line 112.
LaTeX Encoding Info:    Redeclaring text symbol \textendash (encoding T5) on in
put line 113.
LaTeX Encoding Info:    Redeclaring text symbol \textemdash (encoding T5) on in
put line 114.
LaTeX Encoding Info:    Redeclaring text symbol \textcompwordmark (encoding T5)
 on input line 115.
LaTeX Encoding Info:    Redeclaring text command \textperthousand (encoding T5)
 on input line 117.
LaTeX Encoding Info:    Redeclaring text command \textpertenthousand (encoding 
T5) on input line 118.
LaTeX Encoding Info:    Redeclaring text symbol \i (encoding T5) on input line 
119.
LaTeX Encoding Info:    Redeclaring text symbol \textvisiblespace (encoding T5)
 on input line 121.
LaTeX Encoding Info:    Redeclaring text symbol \textquotedbl (encoding T5) on 
input line 122.
LaTeX Encoding Info:    Redeclaring text symbol \textdollar (encoding T5) on in
put line 123.
LaTeX Encoding Info:    Redeclaring text symbol \textquoteright (encoding T5) o
n input line 124.
LaTeX Encoding Info:    Redeclaring text symbol \textless (encoding T5) on inpu
t line 125.
LaTeX Encoding Info:    Redeclaring text symbol \textgreater (encoding T5) on i
nput line 126.
LaTeX Encoding Info:    Redeclaring text symbol \textbackslash (encoding T5) on
 input line 127.
LaTeX Encoding Info:    Redeclaring text symbol \textasciicircum (encoding T5) 
on input line 128.
LaTeX Encoding Info:    Redeclaring text symbol \textunderscore (encoding T5) o
n input line 129.
LaTeX Encoding Info:    Redeclaring text symbol \textquoteleft (encoding T5) on
 input line 130.
LaTeX Encoding Info:    Redeclaring text symbol \textbraceleft (encoding T5) on
 input line 131.
LaTeX Encoding Info:    Redeclaring text symbol \textbar (encoding T5) on input
 line 132.
LaTeX Encoding Info:    Redeclaring text symbol \textbraceright (encoding T5) o
n input line 133.
LaTeX Encoding Info:    Redeclaring text symbol \textasciitilde (encoding T5) o
n input line 134.
LaTeX Encoding Info:    Redeclaring text command \horn (encoding T5) on input l
ine 137.
LaTeX Encoding Info:    Redeclaring text symbol \DJ (encoding T5) on input line
 306.
LaTeX Encoding Info:    Redeclaring text symbol \dj (encoding T5) on input line
 307.
LaTeX Encoding Info:    Redeclaring text symbol \Acircumflex (encoding T5) on i
nput line 312.
LaTeX Encoding Info:    Redeclaring text symbol \Abreve (encoding T5) on input 
line 319.
LaTeX Encoding Info:    Redeclaring text symbol \Ecircumflex (encoding T5) on i
nput line 326.
LaTeX Encoding Info:    Redeclaring text symbol \Ocircumflex (encoding T5) on i
nput line 333.
LaTeX Encoding Info:    Redeclaring text symbol \Ohorn (encoding T5) on input l
ine 340.
LaTeX Encoding Info:    Redeclaring text symbol \Uhorn (encoding T5) on input l
ine 347.
LaTeX Encoding Info:    Redeclaring text symbol \acircumflex (encoding T5) on i
nput line 354.
LaTeX Encoding Info:    Redeclaring text symbol \abreve (encoding T5) on input 
line 361.
LaTeX Encoding Info:    Redeclaring text symbol \ecircumflex (encoding T5) on i
nput line 368.
LaTeX Encoding Info:    Redeclaring text symbol \ocircumflex (encoding T5) on i
nput line 375.
LaTeX Encoding Info:    Redeclaring text symbol \ohorn (encoding T5) on input l
ine 382.
LaTeX Encoding Info:    Redeclaring text symbol \uhorn (encoding T5) on input l
ine 389.
LaTeX Encoding Info:    Redeclaring text symbol \ACIRCUMFLEX (encoding T5) on i
nput line 397.
LaTeX Encoding Info:    Redeclaring text symbol \ABREVE (encoding T5) on input 
line 404.
LaTeX Encoding Info:    Redeclaring text symbol \ECIRCUMFLEX (encoding T5) on i
nput line 411.
LaTeX Encoding Info:    Redeclaring text symbol \OCIRCUMFLEX (encoding T5) on i
nput line 418.
LaTeX Encoding Info:    Redeclaring text symbol \OHORN (encoding T5) on input l
ine 425.
LaTeX Encoding Info:    Redeclaring text symbol \UHORN (encoding T5) on input l
ine 432.
)
Package babel Info: Making " an active character on input line 147.
))
(C:\Program Files\MiKTeX\tex/latex/xcolor\xcolor.sty
Package: xcolor 2024/09/29 v3.02 LaTeX color extensions (UK)

(C:\Program Files\MiKTeX\tex/latex/graphics-cfg\color.cfg
File: color.cfg 2016/01/02 v1.6 sample color configuration
)
Package xcolor Info: Driver file: pdftex.def on input line 274.

(C:\Program Files\MiKTeX\tex/latex/graphics-def\pdftex.def
File: pdftex.def 2025/09/29 v1.2d Graphics/color driver for pdftex
)
(C:\Program Files\MiKTeX\tex/latex/graphics\mathcolor.ltx)
Package xcolor Info: Model `cmy' substituted by `cmy0' on input line 1349.
Package xcolor Info: Model `hsb' substituted by `rgb' on input line 1353.
Package xcolor Info: Model `RGB' extended on input line 1365.
Package xcolor Info: Model `HTML' substituted by `rgb' on input line 1367.
Package xcolor Info: Model `Hsb' substituted by `hsb' on input line 1368.
Package xcolor Info: Model `tHsb' substituted by `hsb' on input line 1369.
Package xcolor Info: Model `HSB' substituted by `hsb' on input line 1370.
Package xcolor Info: Model `Gray' substituted by `gray' on input line 1371.
Package xcolor Info: Model `wave' substituted by `hsb' on input line 1372.
)
(C:\Program Files\MiKTeX\tex/latex/colortbl\colortbl.sty
Package: colortbl 2026/05/01 v1.0l Color table columns (DPC)

(C:\Program Files\MiKTeX\tex/latex/tools\array.sty
Package: array 2026/02/24 v2.7b Tabular extension package (FMi)
\col@sep=\dimen152
\ar@mcellbox=\box53
\extrarowheight=\dimen153
\NC@list=\toks19
\extratabsurround=\skip51
\backup@length=\skip52
\ar@cellbox=\box54
)
new hooks used!!
\minrowclearance=\skip53
\rownum=\count286
) (C:\Program Files\MiKTeX\tex/latex/tools\tabularx.sty
Package: tabularx 2023/12/11 v2.12a `tabularx' package (DPC)
\TX@col@width=\dimen154
\TX@old@table=\dimen155
\TX@old@col=\dimen156
\TX@target=\dimen157
\TX@delta=\dimen158
\TX@cols=\count287
\TX@ftn=\toks20
)
(C:\Program Files\MiKTeX\tex/latex/booktabs\booktabs.sty
Package: booktabs 2020/01/12 v1.61803398 Publication quality tables
\heavyrulewidth=\dimen159
\lightrulewidth=\dimen160
\cmidrulewidth=\dimen161
\belowrulesep=\dimen162
\belowbottomsep=\dimen163
\aboverulesep=\dimen164
\abovetopsep=\dimen165
\cmidrulesep=\dimen166
\cmidrulekern=\dimen167
\defaultaddspace=\dimen168
\@cmidla=\count288
\@cmidlb=\count289
\@aboverulesep=\dimen169
\@belowrulesep=\dimen170
\@thisruleclass=\count290
\@lastruleclass=\count291
\@thisrulewidth=\dimen171
)
(C:\Program Files\MiKTeX\tex/latex/tools\longtable.sty
Package: longtable 2026-01-28 v4.27 Multi-page Table package (DPC)
\LTleft=\skip54
\LTright=\skip55
\LTpre=\skip56
\LTpost=\skip57
\LTchunksize=\count292
\LTcapwidth=\dimen172
\LT@head=\box55
\LT@firsthead=\box56
\LT@foot=\box57
\LT@lastfoot=\box58
\LT@gbox=\box59
\LT@cols=\count293
\LT@rows=\count294
\c@LT@tables=\count295
\c@LT@chunks=\count296
\LT@p@ftn=\toks21
)
(C:\Program Files\MiKTeX\tex/latex/graphics\graphicx.sty
Package: graphicx 2026-05-17 v1.2e Enhanced LaTeX Graphics (DPC,SPQR)

(C:\Program Files\MiKTeX\tex/latex/graphics\keyval.sty
Package: keyval 2026-05-17 v1.15 key=value parser (DPC)
\KV@toks@=\toks22
)
(C:\Program Files\MiKTeX\tex/latex/graphics\graphics.sty
Package: graphics 2026-05-17 v1.4h Standard LaTeX Graphics (DPC,SPQR)

(C:\Program Files\MiKTeX\tex/latex/graphics\trig.sty
Package: trig 2023/12/02 v1.11 sin cos tan (DPC)
)
(C:\Program Files\MiKTeX\tex/latex/graphics-cfg\graphics.cfg
File: graphics.cfg 2016/06/04 v1.11 sample graphics configuration
)
Package graphics Info: Driver file: pdftex.def on input line 106.
)
\Gin@req@height=\dimen173
\Gin@req@width=\dimen174
)
(C:\Program Files\MiKTeX\tex/latex/float\float.sty
Package: float 2001/11/08 v1.3d Float enhancements (AL)
\c@float@type=\count297
\float@exts=\toks23
\float@box=\box60
\@float@everytoks=\toks24
\@floatcapt=\box61
)
(C:\Program Files\MiKTeX\tex/latex/geometry\geometry.sty
Package: geometry 2026/03/07 v6.0 Page Geometry

(C:\Program Files\MiKTeX\tex/generic/iftex\ifvtex.sty
Package: ifvtex 2019/10/25 v1.7 ifvtex legacy package. Use iftex instead.

(C:\Program Files\MiKTeX\tex/generic/iftex\iftex.sty
Package: iftex 2024/12/12 v1.0g TeX engine tests
))
\Gm@cnth=\count298
\Gm@cntv=\count299
\c@Gm@tempcnt=\count300
\Gm@bindingoffset=\dimen175
\Gm@wd@mp=\dimen176
\Gm@odd@mp=\dimen177
\Gm@even@mp=\dimen178
\Gm@layoutwidth=\dimen179
\Gm@layoutheight=\dimen180
\Gm@layouthoffset=\dimen181
\Gm@layoutvoffset=\dimen182
\Gm@dimlist=\toks25

(C:\Program Files\MiKTeX\tex/latex/geometry\geometry.cfg))
(C:\Program Files\MiKTeX\tex/latex/xurl\xurl.sty
Package: xurl 2022/01/09 v 0.10 modify URL breaks

(C:\Program Files\MiKTeX\tex/latex/url\url.sty
\Urlmuskip=\muskip17
Package: url 2013/09/16  ver 3.4  Verb mode for urls, etc.
))
(C:\Program Files\MiKTeX\tex/latex/hyperref\hyperref.sty
Package: hyperref 2026-04-24 v7.01q Hypertext links for LaTeX

(C:\Program Files\MiKTeX\tex/latex/kvsetkeys\kvsetkeys.sty
Package: kvsetkeys 2022-10-05 v1.19 Key value parser (HO)
)
(C:\Program Files\MiKTeX\tex/generic/kvdefinekeys\kvdefinekeys.sty
Package: kvdefinekeys 2019-12-19 v1.6 Define keys (HO)
)
(C:\Program Files\MiKTeX\tex/generic/pdfescape\pdfescape.sty
Package: pdfescape 2019/12/09 v1.15 Implements pdfTeX's escape features (HO)

(C:\Program Files\MiKTeX\tex/generic/ltxcmds\ltxcmds.sty
Package: ltxcmds 2023-12-04 v1.26 LaTeX kernel commands for general use (HO)
)
(C:\Program Files\MiKTeX\tex/generic/pdftexcmds\pdftexcmds.sty
Package: pdftexcmds 2020-06-27 v0.33 Utility functions of pdfTeX for LuaTeX (HO
)

(C:\Program Files\MiKTeX\tex/generic/infwarerr\infwarerr.sty
Package: infwarerr 2019/12/03 v1.5 Providing info/warning/error messages (HO)
)
Package pdftexcmds Info: \pdf@primitive is available.
Package pdftexcmds Info: \pdf@ifprimitive is available.
Package pdftexcmds Info: \pdfdraftmode found.
))
(C:\Program Files\MiKTeX\tex/latex/hycolor\hycolor.sty
Package: hycolor 2020-01-27 v1.10 Color options for hyperref/bookmark (HO)
)
(C:\Program Files\MiKTeX\tex/latex/hyperref\nameref.sty
Package: nameref 2026-01-29 v2.58 Cross-referencing by name of section

(C:\Program Files\MiKTeX\tex/latex/refcount\refcount.sty
Package: refcount 2019/12/15 v3.6 Data extraction from label references (HO)
)
(C:\Program Files\MiKTeX\tex/generic/gettitlestring\gettitlestring.sty
Package: gettitlestring 2019/12/15 v1.6 Cleanup title references (HO)

(C:\Program Files\MiKTeX\tex/latex/kvoptions\kvoptions.sty
Package: kvoptions 2022-06-15 v3.15 Key value format for package options (HO)
))
\c@section@level=\count301
)
(C:\Program Files\MiKTeX\tex/latex/etoolbox\etoolbox.sty
Package: etoolbox 2025/10/02 v2.5m e-TeX tools for LaTeX (JAW)
\etb@tempcnta=\count302
)
(C:\Program Files\MiKTeX\tex/generic/stringenc\stringenc.sty
Package: stringenc 2019/11/29 v1.12 Convert strings between diff. encodings (HO
)
)
\@linkdim=\dimen183
\Hy@linkcounter=\count303
\Hy@pagecounter=\count304

(C:\Program Files\MiKTeX\tex/latex/hyperref\pd1enc.def
File: pd1enc.def 2026-04-24 v7.01q Hyperref: PDFDocEncoding definition (HO)
Now handling font encoding PD1 ...
... no UTF-8 mapping file for font encoding PD1
)
(C:\Program Files\MiKTeX\tex/generic/intcalc\intcalc.sty
Package: intcalc 2019/12/15 v1.3 Expandable calculations with integers (HO)
)
\Hy@SavedSpaceFactor=\count305

(C:\Program Files\MiKTeX\tex/latex/hyperref\puenc.def
File: puenc.def 2026-04-24 v7.01q Hyperref: PDF Unicode definition (HO)
Now handling font encoding PU ...
... no UTF-8 mapping file for font encoding PU
)
Package hyperref Info: Hyper figures OFF on input line 4199.
Package hyperref Info: Link nesting OFF on input line 4204.
Package hyperref Info: Hyper index ON on input line 4207.
Package hyperref Info: Plain pages OFF on input line 4214.
Package hyperref Info: Backreferencing OFF on input line 4219.
Package hyperref Info: Implicit mode ON; LaTeX internals redefined.
Package hyperref Info: Bookmarks ON on input line 4466.
\c@Hy@tempcnt=\count306
LaTeX Info: Redefining \url on input line 4805.
\XeTeXLinkMargin=\dimen184

(C:\Program Files\MiKTeX\tex/generic/bitset\bitset.sty
Package: bitset 2019/12/09 v1.3 Handle bit-vector datatype (HO)

(C:\Program Files\MiKTeX\tex/generic/bigintcalc\bigintcalc.sty
Package: bigintcalc 2019/12/15 v1.5 Expandable calculations on big integers (HO
)
))
\Fld@menulength=\count307
\Field@Width=\dimen185
\Fld@charsize=\dimen186
Package hyperref Info: Hyper figures OFF on input line 6091.
Package hyperref Info: Link nesting OFF on input line 6096.
Package hyperref Info: Hyper index ON on input line 6099.
Package hyperref Info: backreferencing OFF on input line 6106.
Package hyperref Info: Link coloring OFF on input line 6111.
Package hyperref Info: Link coloring with OCG OFF on input line 6116.
Package hyperref Info: PDF/A mode OFF on input line 6121.
\Hy@abspage=\count308
\c@Item=\count309
\c@Hfootnote=\count310
)
Package hyperref Info: Driver (autodetected): hpdftex.

(C:\Program Files\MiKTeX\tex/latex/hyperref\hpdftex.def
File: hpdftex.def 2026-04-24 v7.01q Hyperref driver for pdfTeX
\Fld@listcount=\count311
\c@bookmark@seq@number=\count312

(C:\Program Files\MiKTeX\tex/latex/rerunfilecheck\rerunfilecheck.sty
Package: rerunfilecheck 2025-06-21 v1.11 Rerun checks for auxiliary files (HO)

(C:\Program Files\MiKTeX\tex/generic/uniquecounter\uniquecounter.sty
Package: uniquecounter 2019/12/15 v1.4 Provide unlimited unique counter (HO)
)
Package uniquecounter Info: New unique counter `rerunfilecheck' on input line 2
84.
)
\Hy@SectionHShift=\skip58
)
(C:\Program Files\MiKTeX\tex/latex/setspace\setspace.sty
Package: setspace 2022/12/04 v6.7b set line spacing
)
(C:\Program Files\MiKTeX\tex/latex/l3backend\l3backend-pdftex.def
File: l3backend-pdftex.def 2026-02-18 L3 backend support: PDF output (pdfTeX)
\l__color_backend_stack_int=\count313
) (main.aux
Package babel Info: 'vietnamese' activates 'vietnamese' shorthands.
(babel)             Reported on input line 8.


LaTeX Warning: Label `fig:erd' multiply defined.


LaTeX Warning: Label `fig:erd' multiply defined.


LaTeX Warning: Label `fig:erd' multiply defined.


LaTeX Warning: Label `fig:erd' multiply defined.


LaTeX Warning: Label `fig:erd' multiply defined.


LaTeX Warning: Label `fig:erd' multiply defined.


LaTeX Warning: Label `fig:erd' multiply defined.


LaTeX Warning: Label `fig:class-track-publication-trends' multiply defined.


LaTeX Warning: Label `fig:erd' multiply defined.


LaTeX Warning: Label `fig:erd' multiply defined.


LaTeX Warning: Label `fig:erd' multiply defined.


LaTeX Warning: Label `fig:class-track-publication-trends' multiply defined.


LaTeX Warning: Label `fig:class-track-publication-trends' multiply defined.


LaTeX Warning: Label `fig:class-track-publication-trends' multiply defined.


LaTeX Warning: Label `fig:class-track-publication-trends' multiply defined.


LaTeX Warning: Label `fig:erd' multiply defined.


LaTeX Warning: Label `fig:erd' multiply defined.


LaTeX Warning: Label `fig:erd' multiply defined.


LaTeX Warning: Label `fig:erd' multiply defined.


LaTeX Warning: Label `fig:erd' multiply defined.


LaTeX Warning: Label `fig:erd' multiply defined.


LaTeX Warning: Label `fig:erd' multiply defined.


LaTeX Warning: Label `fig:erd' multiply defined.


LaTeX Warning: Label `fig:erd' multiply defined.


LaTeX Warning: Label `fig:erd' multiply defined.


LaTeX Warning: Label `fig:erd' multiply defined.


LaTeX Warning: Label `fig:erd' multiply defined.


LaTeX Warning: Label `fig:erd' multiply defined.


LaTeX Warning: Label `fig:erd' multiply defined.


LaTeX Warning: Label `fig:erd' multiply defined.


LaTeX Warning: Label `fig:erd' multiply defined.


LaTeX Warning: Label `fig:erd' multiply defined.

)
\openout1 = `main.aux'.

LaTeX Font Info:    Checking defaults for OML/cmm/m/it on input line 73.
LaTeX Font Info:    ... okay on input line 73.
LaTeX Font Info:    Checking defaults for OMS/cmsy/m/n on input line 73.
LaTeX Font Info:    ... okay on input line 73.
LaTeX Font Info:    Checking defaults for OT1/cmr/m/n on input line 73.
LaTeX Font Info:    ... okay on input line 73.
LaTeX Font Info:    Checking defaults for T1/cmr/m/n on input line 73.
LaTeX Font Info:    ... okay on input line 73.
LaTeX Font Info:    Checking defaults for TS1/cmr/m/n on input line 73.
LaTeX Font Info:    ... okay on input line 73.
LaTeX Font Info:    Checking defaults for OMX/cmex/m/n on input line 73.
LaTeX Font Info:    ... okay on input line 73.
LaTeX Font Info:    Checking defaults for U/cmr/m/n on input line 73.
LaTeX Font Info:    ... okay on input line 73.
LaTeX Font Info:    Checking defaults for T5/cmr/m/n on input line 73.
LaTeX Font Info:    ... okay on input line 73.
LaTeX Font Info:    Checking defaults for PD1/pdf/m/n on input line 73.
LaTeX Font Info:    ... okay on input line 73.
LaTeX Font Info:    Checking defaults for PU/pdf/m/n on input line 73.
LaTeX Font Info:    ... okay on input line 73.
 (C:\Program Files\MiKTeX\tex/context/base/mkii\supp-pdf.mkii
[Loading MPS to PDF converter (version 2006.09.02).]
\scratchcounter=\count314
\scratchdimen=\dimen187
\scratchbox=\box62
\nofMPsegments=\count315
\nofMParguments=\count316
\everyMPshowfont=\toks26
\MPscratchCnt=\count317
\MPscratchDim=\dimen188
\MPnumerator=\count318
\makeMPintoPDFobject=\count319
\everyMPtoPDFconversion=\toks27
) (C:\Program Files\MiKTeX\tex/latex/epstopdf-pkg\epstopdf-base.sty
Package: epstopdf-base 2020-01-24 v2.11 Base part for package epstopdf
Package epstopdf-base Info: Redefining graphics rule for `.eps' on input line 4
85.

(C:\Program Files\MiKTeX\tex/latex/00miktex\epstopdf-sys.cfg
File: epstopdf-sys.cfg 2021/03/18 v2.0 Configuration of epstopdf for MiKTeX
))
*geometry* driver: auto-detecting
*geometry* detected driver: pdftex
*geometry* verbose mode - [ preamble ] result:
* driver: pdftex
* paper: a4paper
* layout: <same size as paper>
* layoutoffset:(h,v)=(0.0pt,0.0pt)
* modes: 
* h-part:(L,W,R)=(72.26999pt, 452.9679pt, 72.26999pt)
* v-part:(T,H,B)=(72.26999pt, 700.50687pt, 72.26999pt)
* \paperwidth=597.50787pt
* \paperheight=845.04684pt
* \textwidth=452.9679pt
* \textheight=700.50687pt
* \oddsidemargin=0.0pt
* \evensidemargin=0.0pt
* \topmargin=-37.0pt
* \headheight=12.0pt
* \headsep=25.0pt
* \topskip=12.0pt
* \footskip=30.0pt
* \marginparwidth=35.0pt
* \marginparsep=10.0pt
* \columnsep=10.0pt
* \skip\footins=10.8pt plus 4.0pt minus 2.0pt
* \hoffset=0.0pt
* \voffset=0.0pt
* \mag=1000
* \@twocolumnfalse
* \@twosidefalse
* \@mparswitchfalse
* \@reversemarginfalse
* (1in=72.27pt=25.4mm, 1cm=28.453pt)

Package hyperref Info: Link coloring OFF on input line 73.
(main.out) (main.out)
\@outlinefile=\write3
\openout3 = `main.out'.

 [1

{C:/Users/baotr/AppData/Local/MiKTeX/fonts/map/pdftex/pdftex.map}]

Package hyperref Warning: Token not allowed in a PDF string (Unicode):
(hyperref)                removing `\<let>-command' on input line 87.


Package hyperref Warning: Token not allowed in a PDF string (Unicode):
(hyperref)                removing `\\' on input line 87.


Package hyperref Warning: Token not allowed in a PDF string (Unicode):
(hyperref)                removing `\@centercr' on input line 87.


Package hyperref Warning: Token not allowed in a PDF string (Unicode):
(hyperref)                removing `\rightskip' on input line 87.


Package hyperref Warning: Token not allowed in a PDF string (Unicode):
(hyperref)                removing `\@flushglue' on input line 87.


Package hyperref Warning: Token not allowed in a PDF string (Unicode):
(hyperref)                removing `\leftskip' on input line 87.


Package hyperref Warning: Token not allowed in a PDF string (Unicode):
(hyperref)                removing `\@flushglue' on input line 87.


Package hyperref Warning: Token not allowed in a PDF string (Unicode):
(hyperref)                removing `\finalhyphendemerits' on input line 87.


Package hyperref Warning: Token not allowed in a PDF string (Unicode):
(hyperref)                removing `\z@' on input line 87.


Package hyperref Warning: Token not allowed in a PDF string (Unicode):
(hyperref)                removing `\parindent' on input line 87.


Package hyperref Warning: Token not allowed in a PDF string (Unicode):
(hyperref)                removing `\z@' on input line 87.


Package hyperref Warning: Token not allowed in a PDF string (Unicode):
(hyperref)                removing `\parfillskip' on input line 87.


Package hyperref Warning: Token not allowed in a PDF string (Unicode):
(hyperref)                removing `\z@skip' on input line 87.

LaTeX Font Info:    Trying to load font information for T5+cmtt on input line 9
8.
(C:\Program Files\MiKTeX\tex/latex/vntex\t5cmtt.fd
File: t5cmtt.fd 1999/05/25 v2.5h Standard LaTeX font definitions
)
LaTeX Font Info:    External font `cmex10' loaded for size
(Font)              <12> on input line 98.
LaTeX Font Info:    External font `cmex10' loaded for size
(Font)              <8> on input line 98.
LaTeX Font Info:    External font `cmex10' loaded for size
(Font)              <6> on input line 98.
 [2

] [3] [4]

Package hyperref Warning: Token not allowed in a PDF string (Unicode):
(hyperref)                removing `\<let>-command' on input line 221.


Package hyperref Warning: Token not allowed in a PDF string (Unicode):
(hyperref)                removing `\\' on input line 221.


Package hyperref Warning: Token not allowed in a PDF string (Unicode):
(hyperref)                removing `\@centercr' on input line 221.


Package hyperref Warning: Token not allowed in a PDF string (Unicode):
(hyperref)                removing `\rightskip' on input line 221.


Package hyperref Warning: Token not allowed in a PDF string (Unicode):
(hyperref)                removing `\@flushglue' on input line 221.


Package hyperref Warning: Token not allowed in a PDF string (Unicode):
(hyperref)                removing `\leftskip' on input line 221.


Package hyperref Warning: Token not allowed in a PDF string (Unicode):
(hyperref)                removing `\@flushglue' on input line 221.


Package hyperref Warning: Token not allowed in a PDF string (Unicode):
(hyperref)                removing `\finalhyphendemerits' on input line 221.


Package hyperref Warning: Token not allowed in a PDF string (Unicode):
(hyperref)                removing `\z@' on input line 221.


Package hyperref Warning: Token not allowed in a PDF string (Unicode):
(hyperref)                removing `\parindent' on input line 221.


Package hyperref Warning: Token not allowed in a PDF string (Unicode):
(hyperref)                removing `\z@' on input line 221.


Package hyperref Warning: Token not allowed in a PDF string (Unicode):
(hyperref)                removing `\parfillskip' on input line 221.


Package hyperref Warning: Token not allowed in a PDF string (Unicode):
(hyperref)                removing `\z@skip' on input line 221.


pdfTeX warning (ext4): destination with the same identifier (name{section.1}) h
as been already used, duplicate ignored
<to be read again> 
                   \relax 
l.227 	\section{Overview}
                         
pdfTeX warning (ext4): destination with the same identifier (name{subsection.1.
1}) has been already used, duplicate ignored
<to be read again> 
                   \relax 
l.228 	\subsection{Scope and estimation}
                                        
Overfull \hbox (27.8644pt too wide) in alignment at lines 230--235
 [] [] [] [] 
 []


Overfull \hbox (27.8644pt too wide) in alignment at lines 235--241
 [] [] [] [] 
 []


Underfull \hbox (badness 10000) in paragraph at lines 252--252
[]|\T5/cmr/m/n/12 Set up de-vel-op-ment en-vi-ron-ment (GitHub,
 []


Overfull \hbox (27.8644pt too wide) in alignment at lines 241--322
 [] [] [] [] 
 []

[5

]
pdfTeX warning (ext4): destination with the same identifier (name{subsection.1.
2}) has been already used, duplicate ignored
<to be read again> 
                   \relax 
l.323 	\subsection{Project Objective}
                                     
Overfull \hbox (9.70479pt too wide) in paragraph at lines 336--336
[]|\T5/cmr/bx/n/12 Possibility| 
 []


Overfull \hbox (9.70479pt too wide) in paragraph at lines 346--346
[]|\T5/cmr/bx/n/12 Possibility| 
 []


Underfull \hbox (badness 1184) in paragraph at lines 352--352
[]|\T5/cmr/m/n/12 External aca-demic
 []


Underfull \hbox (badness 10000) in paragraph at lines 352--352
\T5/cmr/m/n/12 APIs (Se-man-tic
 []


Underfull \hbox (badness 10000) in paragraph at lines 352--352
\T5/cmr/m/n/12 Scholar, Ope-
 []


Underfull \hbox (badness 10000) in paragraph at lines 352--352
\T5/cmr/m/n/12 nAlex, Cross-ref)
 []


Underfull \hbox (badness 10000) in paragraph at lines 352--352
\T5/cmr/m/n/12 or change their
 []


Underfull \hbox (badness 1881) in paragraph at lines 353--353
[]|\T5/cmr/m/n/12 The sys-tem can-not
 []


Underfull \hbox (badness 7522) in paragraph at lines 353--353
\T5/cmr/m/n/12 re-trieve pub-li-ca-tion
 []


Underfull \hbox (badness 1845) in paragraph at lines 353--353
\T5/cmr/m/n/12 plete search re-sults
 []


Underfull \hbox (badness 10000) in paragraph at lines 355--356
\T5/cmr/m/n/12 mech-a-nisms, mon-i-tor
 []


Underfull \hbox (badness 10000) in paragraph at lines 355--356
\T5/cmr/m/n/12 API sta-tus reg-u-larly,
 []


Underfull \hbox (badness 10000) in paragraph at lines 355--356
\T5/cmr/m/n/12 and cache pre-vi-ously
 []


Underfull \hbox (badness 3039) in paragraph at lines 359--359
[]|\T5/cmr/m/n/12 Large vol-umes of
 []


Underfull \hbox (badness 10000) in paragraph at lines 359--359
\T5/cmr/m/n/12 pub-li-ca-tion data
 []


Underfull \hbox (badness 10000) in paragraph at lines 360--360
[]|\T5/cmr/m/n/12 Users ex-pe-ri-ence
 []


Underfull \hbox (badness 1033) in paragraph at lines 360--360
\T5/cmr/m/n/12 li-ca-tions or view-ing
 []


Underfull \hbox (badness 10000) in paragraph at lines 362--363
[]|\T5/cmr/m/n/12 Optimize database
 []


Underfull \hbox (badness 10000) in paragraph at lines 362--363
\T5/cmr/m/n/12 in-dex-ing, im-ple-ment
 []


Underfull \hbox (badness 10000) in paragraph at lines 362--363
\T5/cmr/m/n/12 pag-i-na-tion, caching,
 []


Underfull \hbox (badness 6625) in paragraph at lines 366--366
\T5/cmr/m/n/12 i-ties ex-pose user
 []


Underfull \hbox (badness 10000) in paragraph at lines 367--367
\T5/cmr/m/n/12 data leak-age, and
 []


Underfull \hbox (badness 10000) in paragraph at lines 369--370
[]|\T5/cmr/m/n/12 Use JWT au-then-ti-ca-
 []


Underfull \hbox (badness 1968) in paragraph at lines 369--370
\T5/cmr/m/n/12 tion, RBAC au-tho-riza-
 []


Underfull \hbox (badness 10000) in paragraph at lines 369--370
\T5/cmr/m/n/12 HTTPS, and reg-u-lar
 []


Underfull \hbox (badness 2073) in paragraph at lines 373--373
\T5/cmr/m/n/12 cu-rate be-cause of
 []


Underfull \hbox (badness 10000) in paragraph at lines 374--374
[]|\T5/cmr/m/n/12 Generated re-ports
 []


Underfull \hbox (badness 5175) in paragraph at lines 374--374
\T5/cmr/m/n/12 and statis-tics may
 []


Underfull \hbox (badness 10000) in paragraph at lines 374--374
\T5/cmr/m/n/12 mis-lead users' re-
 []


Underfull \hbox (badness 6542) in paragraph at lines 380--380
\T5/cmr/m/n/12 be-tween fron-tend,
 []


Underfull \hbox (badness 10000) in paragraph at lines 380--380
\T5/cmr/m/n/12 back-end, and
 []


Underfull \hbox (badness 10000) in paragraph at lines 380--380
\T5/cmr/m/n/12 database en-coun-
 []


Underfull \hbox (badness 10000) in paragraph at lines 380--380
\T5/cmr/m/n/12 ters com-pat-i-bil-ity
 []


Underfull \hbox (badness 3000) in paragraph at lines 381--381
[]|\T5/cmr/m/n/12 Development de-lays
 []


Underfull \hbox (badness 1917) in paragraph at lines 381--381
\T5/cmr/m/n/12 tem fail-ures dur-ing
 []


Underfull \hbox (badness 10000) in paragraph at lines 383--384
[]|\T5/cmr/m/n/12 Perform in-te-gra-tion
 []


Underfull \hbox (badness 10000) in paragraph at lines 383--384
\T5/cmr/m/n/12 test-ing con-tin-u-ously
 []


Underfull \hbox (badness 10000) in paragraph at lines 383--384
\T5/cmr/m/n/12 and main-tain ver-sion
 []


Underfull \hbox (badness 1960) in paragraph at lines 387--387
\T5/cmr/m/n/12 be-fore de-ploy-ment
 []


Underfull \hbox (badness 2269) in paragraph at lines 387--387
\T5/cmr/m/n/12 leaves crit-i-cal de-
 []


Underfull \hbox (badness 1521) in paragraph at lines 388--388
[]|\T5/cmr/m/n/12 System crashes, in-
 []


Underfull \hbox (badness 10000) in paragraph at lines 390--391
[]|\T5/cmr/m/n/12 Prepare com-pre-hen-sive
 []


Underfull \hbox (badness 10000) in paragraph at lines 390--391
\T5/cmr/m/n/12 con-duct func-tional,
 []


Underfull \hbox (badness 10000) in paragraph at lines 390--391
\T5/cmr/m/n/12 in-te-gra-tion, and user
 []


Underfull \hbox (badness 10000) in paragraph at lines 394--394
[]|\T5/cmr/m/n/12 Project sched-ule
 []


Underfull \hbox (badness 10000) in paragraph at lines 394--394
\T5/cmr/m/n/12 de-lays due to
 []


Underfull \hbox (badness 10000) in paragraph at lines 394--394
\T5/cmr/m/n/12 un-der-es-ti-mated
 []


Underfull \hbox (badness 10000) in paragraph at lines 394--394
\T5/cmr/m/n/12 im-ple-men-ta-tion
 []


Underfull \hbox (badness 1117) in paragraph at lines 395--395
[]|\T5/cmr/m/n/12 Failure to com-plete
 []


Underfull \hbox (badness 5756) in paragraph at lines 395--395
\T5/cmr/m/n/12 the project within
 []

[6]
pdfTeX warning (ext4): destination with the same identifier (name{section.2}) h
as been already used, duplicate ignored
<to be read again> 
                   \relax 
l.401 	\section{Project Deliverables}
                                     
Overfull \hbox (130.56303pt too wide) in paragraph at lines 408--460
[]
 []


Underfull \hbox (badness 10000) in paragraph at lines 408--460

 []

[7]
Overfull \hbox (69.7582pt too wide) in paragraph at lines 469--509
[][]
 []


Underfull \hbox (badness 10000) in paragraph at lines 469--509

 []

[8]
Overfull \hbox (1.54361pt too wide) in paragraph at lines 518--518
[]|\T5/cmr/bx/n/10.95 Communication 
 []


Overfull \hbox (94.12735pt too wide) in paragraph at lines 515--543
[][]
 []


Underfull \hbox (badness 10000) in paragraph at lines 515--543

 []

[9] [10]

Package hyperref Warning: Token not allowed in a PDF string (Unicode):
(hyperref)                removing `\<let>-command' on input line 600.


Package hyperref Warning: Token not allowed in a PDF string (Unicode):
(hyperref)                removing `\\' on input line 600.


Package hyperref Warning: Token not allowed in a PDF string (Unicode):
(hyperref)                removing `\@centercr' on input line 600.


Package hyperref Warning: Token not allowed in a PDF string (Unicode):
(hyperref)                removing `\rightskip' on input line 600.


Package hyperref Warning: Token not allowed in a PDF string (Unicode):
(hyperref)                removing `\@flushglue' on input line 600.


Package hyperref Warning: Token not allowed in a PDF string (Unicode):
(hyperref)                removing `\leftskip' on input line 600.


Package hyperref Warning: Token not allowed in a PDF string (Unicode):
(hyperref)                removing `\@flushglue' on input line 600.


Package hyperref Warning: Token not allowed in a PDF string (Unicode):
(hyperref)                removing `\finalhyphendemerits' on input line 600.


Package hyperref Warning: Token not allowed in a PDF string (Unicode):
(hyperref)                removing `\z@' on input line 600.


Package hyperref Warning: Token not allowed in a PDF string (Unicode):
(hyperref)                removing `\parindent' on input line 600.


Package hyperref Warning: Token not allowed in a PDF string (Unicode):
(hyperref)                removing `\z@' on input line 600.


Package hyperref Warning: Token not allowed in a PDF string (Unicode):
(hyperref)                removing `\parfillskip' on input line 600.


Package hyperref Warning: Token not allowed in a PDF string (Unicode):
(hyperref)                removing `\z@skip' on input line 600.


pdfTeX warning (ext4): destination with the same identifier (name{section.1}) h
as been already used, duplicate ignored
<to be read again> 
                   \relax 
l.606 \section{Product Overview}
                                
<Overview_Diagram.png, id=565, 978.65625pt x 372.64218pt>
File: Overview_Diagram.png Graphic file (type png)
<use Overview_Diagram.png>
Package pdftex.def Info: Overview_Diagram.png  used on input line 617.
(pdftex.def)             Requested size: 430.31812pt x 163.85503pt.

pdfTeX warning (ext4): destination with the same identifier (name{section.2}) h
as been already used, duplicate ignored
<to be read again> 
                   \relax 
l.622 \section{User Requirements}
                                 
pdfTeX warning (ext4): destination with the same identifier (name{subsection.2.
1}) has been already used, duplicate ignored
<to be read again> 
                   \relax 
l.624 \subsection{Actors}
                         
Underfull \hbox (badness 10000) in paragraph at lines 646--646
[]|\T5/cmr/m/n/12 Publication Trend
 []

[11

 <./Overview_Diagram.png>] [12]
pdfTeX warning (ext4): destination with the same identifier (name{subsection.2.
2}) has been already used, duplicate ignored
<to be read again> 
                   \relax 
l.659 \subsection{Use Case Diagrams}
                                    
pdfTeX warning (ext4): destination with the same identifier (name{subsubsection
.2.2.1}) has been already used, duplicate ignored
<to be read again> 
                   \relax 
l.660 \subsubsection{Diagram}
                             
<ucd.png, id=578, 1035.87pt x 849.1725pt>
File: ucd.png Graphic file (type png)
<use ucd.png>
Package pdftex.def Info: ucd.png  used on input line 663.
(pdftex.def)             Requested size: 452.9679pt x 371.33066pt.

pdfTeX warning (ext4): destination with the same identifier (name{subsubsection
.2.2.2}) has been already used, duplicate ignored
<to be read again> 
                   \relax 
l.668 \subsubsection{Use Case Descriptions}
                                           
Underfull \hbox (badness 10000) in paragraph at lines 673--673
[]|\T5/cmr/bx/n/10.95 Main UC
 []


Overfull \hbox (64.59341pt too wide) in alignment at lines 671--679
 [] [] [] [] [] 
 []


Underfull \hbox (badness 10000) in paragraph at lines 682--682
[]|\T5/cmr/bx/n/10.95 Main UC
 []


Overfull \hbox (64.59341pt too wide) in alignment at lines 679--688
 [] [] [] [] [] 
 []


Underfull \hbox (badness 10000) in paragraph at lines 690--690
[]|\T5/cmr/m/n/10.95 Manage
 []


Underfull \hbox (badness 10000) in paragraph at lines 694--695
[]|\T5/cmr/m/n/10.95 A reg-is-tered ac-
 []


Underfull \hbox (badness 10000) in paragraph at lines 694--695
\T5/cmr/m/n/10.95 count is cre-ated
 []


Underfull \hbox (badness 10000) in paragraph at lines 694--695
\T5/cmr/m/n/10.95 ses-sion is es-tab-
 []


Underfull \hbox (badness 10000) in paragraph at lines 699--699
[]|\T5/cmr/m/n/10.95 Search Re-search
 []


Underfull \hbox (badness 4036) in paragraph at lines 700--700
\T5/cmr/m/n/10.95 tions us-ing key-words, au-thor
 []


Underfull \hbox (badness 1484) in paragraph at lines 700--700
\T5/cmr/m/n/10.95 names, or jour-nal names and
 []


Underfull \hbox (badness 5460) in paragraph at lines 701--702
[]|\T5/cmr/m/n/10.95 Matching pub-li-ca-
 []


Underfull \hbox (badness 1082) in paragraph at lines 701--702
\T5/cmr/m/n/10.95 tions and de-tailed
 []


Underfull \hbox (badness 10000) in paragraph at lines 701--702
\T5/cmr/m/n/10.95 pub-li-ca-tion in-
 []


Underfull \hbox (badness 10000) in paragraph at lines 701--702
\T5/cmr/m/n/10.95 for-ma-tion are
 []


Underfull \hbox (badness 10000) in paragraph at lines 704--704
[]|\T5/cmr/m/n/10.95 Manage
 []


Underfull \hbox (badness 1348) in paragraph at lines 708--709
[]|\T5/cmr/m/n/10.95 The se-lected pub-
 []


Underfull \hbox (badness 6493) in paragraph at lines 708--709
\T5/cmr/m/n/10.95 li-ca-tion is stored
 []


Underfull \hbox (badness 2521) in paragraph at lines 711--711
[]|\T5/cmr/m/n/10.95 Track Pub-li-
 []


Underfull \hbox (badness 10000) in paragraph at lines 713--713
[]|\T5/cmr/m/n/10.95 Track Pub-li-ca-
 []


Underfull \hbox (badness 1072) in paragraph at lines 713--713
\T5/cmr/m/n/10.95 tion Trends, View
 []


Underfull \hbox (badness 10000) in paragraph at lines 713--713
\T5/cmr/m/n/10.95 Dash-board, View
 []


Underfull \hbox (badness 10000) in paragraph at lines 715--716
[]|\T5/cmr/m/n/10.95 Trend statis-tics,
 []


Underfull \hbox (badness 10000) in paragraph at lines 715--716
\T5/cmr/m/n/10.95 dash-boards and
 []


Underfull \hbox (badness 6542) in paragraph at lines 722--723
\T5/cmr/m/n/10.95 is added to the
 []


Underfull \hbox (badness 10000) in paragraph at lines 722--723
\T5/cmr/m/n/10.95 user's followed-
 []


Underfull \hbox (badness 10000) in paragraph at lines 722--723
\T5/cmr/m/n/10.95 topic list and
 []


Underfull \hbox (badness 10000) in paragraph at lines 722--723
\T5/cmr/m/n/10.95 no-ti-fi-ca-tions be-
 []


Underfull \hbox (badness 4492) in paragraph at lines 729--730
[]|\T5/cmr/m/n/10.95 An an-a-lyt-i-cal re-
 []


Underfull \hbox (badness 10000) in paragraph at lines 729--730
\T5/cmr/m/n/10.95 port sum-ma-riz-ing
 []


Underfull \hbox (badness 5245) in paragraph at lines 729--730
\T5/cmr/m/n/10.95 pub-li-ca-tion trends
 []


Underfull \hbox (badness 1558) in paragraph at lines 732--732
[]|\T5/cmr/m/n/10.95 Manage Sys-
 []


Overfull \hbox (2.18854pt too wide) in paragraph at lines 733--733
[]|\T5/cmr/m/n/10.95 Administrator| 
 []


Underfull \hbox (badness 10000) in paragraph at lines 734--734
[]|\T5/cmr/m/n/10.95 Manage Sys-tem,
 []


Underfull \hbox (badness 10000) in paragraph at lines 734--734
\T5/cmr/m/n/10.95 Con-fig-ure API
 []


Underfull \hbox (badness 10000) in paragraph at lines 734--734
\T5/cmr/m/n/10.95 Sources, Syn-chro-
 []


Underfull \hbox (badness 10000) in paragraph at lines 734--734
\T5/cmr/m/n/10.95 nize Aca-demic
 []


Underfull \hbox (badness 1087) in paragraph at lines 735--735
[]|\T5/cmr/m/n/10.95 Administrators man-age sys-tem
 []


Underfull \hbox (badness 10000) in paragraph at lines 735--735
\T5/cmr/m/n/10.95 set-tings, con-fig-ure aca-demic
 []


Underfull \hbox (badness 4792) in paragraph at lines 735--735
\T5/cmr/m/n/10.95 APIs, syn-chro-nize pub-li-ca-tion
 []


Underfull \hbox (badness 10000) in paragraph at lines 736--737
[]|\T5/cmr/m/n/10.95 System set-tings
 []


Underfull \hbox (badness 10000) in paragraph at lines 736--737
\T5/cmr/m/n/10.95 and pub-li-ca-tion
 []


Underfull \hbox (badness 1072) in paragraph at lines 736--737
\T5/cmr/m/n/10.95 meta-data are suc-
 []


Underfull \hbox (badness 10000) in paragraph at lines 739--739
[]|\T5/cmr/m/n/10.95 Manage
 []


Overfull \hbox (2.18854pt too wide) in paragraph at lines 740--740
[]|\T5/cmr/m/n/10.95 Administrator| 
 []


Underfull \hbox (badness 10000) in paragraph at lines 743--744
[]|\T5/cmr/m/n/10.95 User in-for-ma-tion
 []


Underfull \hbox (badness 10000) in paragraph at lines 746--746
[]|\T5/cmr/m/n/10.95 Configure
 []


Overfull \hbox (2.18854pt too wide) in paragraph at lines 747--747
[]|\T5/cmr/m/n/10.95 Administrator| 
 []


Underfull \hbox (badness 10000) in paragraph at lines 748--748
[]|\T5/cmr/m/n/10.95 Configure API
 []


Underfull \hbox (badness 6758) in paragraph at lines 749--749
[]|\T5/cmr/m/n/10.95 Administrators con-fig-ure, up-
 []


Underfull \hbox (badness 7397) in paragraph at lines 750--751
[]|\T5/cmr/m/n/10.95 API con-fig-u-ra-tion
 []


Underfull \hbox (badness 10000) in paragraph at lines 753--753
[]|\T5/cmr/m/n/10.95 Synchronize
 []


Underfull \hbox (badness 10000) in paragraph at lines 753--753
\T5/cmr/m/n/10.95 Aca-demic
 []


Overfull \hbox (2.18854pt too wide) in paragraph at lines 754--754
[]|\T5/cmr/m/n/10.95 Administrator| 
 []


Underfull \hbox (badness 10000) in paragraph at lines 755--755
[]|\T5/cmr/m/n/10.95 Synchronize Aca-
 []


Underfull \hbox (badness 1552) in paragraph at lines 756--756
\T5/cmr/m/n/10.95 aca-demic APIs into the lo-cal
 []


Underfull \hbox (badness 10000) in paragraph at lines 757--758
[]|\T5/cmr/m/n/10.95 The pub-li-ca-tion
 []


Overfull \hbox (64.59341pt too wide) in alignment at lines 688--760
 [] [] [] [] [] 
 []

[13

 <./ucd.png>] [14]
Underfull \hbox (badness 10000) in paragraph at lines 767--767
[]|\T5/cmr/bx/n/10.95 Functional
 []


Overfull \hbox (27.87614pt too wide) in alignment at lines 765--771
 [] [] [] 
 []


Underfull \hbox (badness 10000) in paragraph at lines 774--774
[]|\T5/cmr/bx/n/10.95 Functional
 []


Overfull \hbox (27.87614pt too wide) in alignment at lines 771--778
 [] [] [] 
 []


Underfull \hbox (badness 10000) in paragraph at lines 780--780
[]|\T5/cmr/m/n/10.95 User Au-then-ti-ca-
 []


Underfull \hbox (badness 10000) in paragraph at lines 785--785
[]|\T5/cmr/m/n/10.95 User Au-then-ti-ca-
 []


Underfull \hbox (badness 10000) in paragraph at lines 790--790
[]|\T5/cmr/m/n/10.95 Paper Man-age-
 []


Underfull \hbox (badness 2512) in paragraph at lines 791--791
[]|\T5/cmr/m/n/10.95 Search Re-search Pa-
 []


Underfull \hbox (badness 10000) in paragraph at lines 795--795
[]|\T5/cmr/m/n/10.95 Paper Man-age-
 []


Underfull \hbox (badness 10000) in paragraph at lines 800--800
[]|\T5/cmr/m/n/10.95 Paper Man-age-
 []


Underfull \hbox (badness 1215) in paragraph at lines 805--805
[]|\T5/cmr/m/n/10.95 Publication Trend
 []


Underfull \hbox (badness 10000) in paragraph at lines 806--806
[]|\T5/cmr/m/n/10.95 Track Pub-li-ca-tion
 []


Underfull \hbox (badness 1215) in paragraph at lines 810--810
[]|\T5/cmr/m/n/10.95 Publication Trend
 []


Underfull \hbox (badness 1215) in paragraph at lines 815--815
[]|\T5/cmr/m/n/10.95 Publication Trend
 []


Underfull \hbox (badness 10000) in paragraph at lines 835--835
[]|\T5/cmr/m/n/10.95 System Ad-min-is-
 []


Underfull \hbox (badness 10000) in paragraph at lines 840--840
[]|\T5/cmr/m/n/10.95 System Ad-min-is-
 []


Underfull \hbox (badness 10000) in paragraph at lines 845--845
[]|\T5/cmr/m/n/10.95 System Ad-min-is-
 []


Underfull \hbox (badness 10000) in paragraph at lines 850--850
[]|\T5/cmr/m/n/10.95 System Ad-min-is-
 []


Overfull \hbox (27.87614pt too wide) in alignment at lines 778--855
 [] [] [] 
 []

[15] [16] [17]
Overfull \hbox (11.09204pt too wide) in paragraph at lines 873--873
 []|\T5/cmr/bx/n/10.95 Lecturer/Student[]| 
 []


Overfull \hbox (7.59705pt too wide) in paragraph at lines 868--923
[]
 []


Underfull \hbox (badness 10000) in paragraph at lines 868--923

 []

[18]
<erd.png, id=608, 541.27219pt x 371.13657pt>
File: erd.png Graphic file (type png)
<use erd.png>
Package pdftex.def Info: erd.png  used on input line 957.
(pdftex.def)             Requested size: 452.9679pt x 310.5973pt.
 [19]
<class.png, id=614, 541.27219pt x 491.58656pt>
File: class.png Graphic file (type png)
<use class.png>
Package pdftex.def Info: class.png  used on input line 965.
(pdftex.def)             Requested size: 452.9679pt x 411.39969pt.
 [20 <./erd.png>] [21 <./class.png>]

Package hyperref Warning: Token not allowed in a PDF string (Unicode):
(hyperref)                removing `\<let>-command' on input line 970.


Package hyperref Warning: Token not allowed in a PDF string (Unicode):
(hyperref)                removing `\\' on input line 970.


Package hyperref Warning: Token not allowed in a PDF string (Unicode):
(hyperref)                removing `\@centercr' on input line 970.


Package hyperref Warning: Token not allowed in a PDF string (Unicode):
(hyperref)                removing `\rightskip' on input line 970.


Package hyperref Warning: Token not allowed in a PDF string (Unicode):
(hyperref)                removing `\@flushglue' on input line 970.


Package hyperref Warning: Token not allowed in a PDF string (Unicode):
(hyperref)                removing `\leftskip' on input line 970.


Package hyperref Warning: Token not allowed in a PDF string (Unicode):
(hyperref)                removing `\@flushglue' on input line 970.


Package hyperref Warning: Token not allowed in a PDF string (Unicode):
(hyperref)                removing `\finalhyphendemerits' on input line 970.


Package hyperref Warning: Token not allowed in a PDF string (Unicode):
(hyperref)                removing `\z@' on input line 970.


Package hyperref Warning: Token not allowed in a PDF string (Unicode):
(hyperref)                removing `\parindent' on input line 970.


Package hyperref Warning: Token not allowed in a PDF string (Unicode):
(hyperref)                removing `\z@' on input line 970.


Package hyperref Warning: Token not allowed in a PDF string (Unicode):
(hyperref)                removing `\parfillskip' on input line 970.


Package hyperref Warning: Token not allowed in a PDF string (Unicode):
(hyperref)                removing `\z@skip' on input line 970.


pdfTeX warning (ext4): destination with the same identifier (name{section.1}) h
as been already used, duplicate ignored
<to be read again> 
                   \relax 
l.976 \section{System Design}
                             
pdfTeX warning (ext4): destination with the same identifier (name{subsection.1.
1}) has been already used, duplicate ignored
<to be read again> 
                   \relax 
l.977 \subsection{System Architecture}
                                      
pdfTeX warning (ext4): destination with the same identifier (name{subsection.1.
2}) has been already used, duplicate ignored
<to be read again> 
                   \relax 
l.978 \subsection{Package Diagram}
                                  
<Backend-package.jpg, id=627, 1541.76pt x 1027.84pt>
File: Backend-package.jpg Graphic file (type jpg)
<use Backend-package.jpg>
Package pdftex.def Info: Backend-package.jpg  used on input line 983.
(pdftex.def)             Requested size: 452.9679pt x 301.97118pt.

pdfTeX warning (ext4): destination with the same identifier (name{section.2}) h
as been already used, duplicate ignored
<to be read again> 
                   \relax 
l.988 \section{ Database Design}
                                
<database.png, id=628, 1127.21124pt x 732.7375pt>
File: database.png Graphic file (type png)
<use database.png>
Package pdftex.def Info: database.png  used on input line 991.
(pdftex.def)             Requested size: 452.9679pt x 294.45384pt.
 [22

 <./Backend-package.jpg>]
pdfTeX warning (ext4): destination with the same identifier (name{subsection.2.
1}) has been already used, duplicate ignored
<to be read again> 
                   \relax 
l.998 \subsection{Role Table}
                             
Overfull \hbox (3.13245pt too wide) in paragraph at lines 1004--1004
[]|\T5/cmr/m/n/10.95 NVARCHAR(100)| 
 []


Overfull \hbox (3.13245pt too wide) in paragraph at lines 1005--1005
[]|\T5/cmr/m/n/10.95 NVARCHAR(255)| 
 []


Overfull \hbox (16.22336pt too wide) in alignment at lines 999--1007
 [] [] [] [] [] 
 []

[23 <./database.png>]
pdfTeX warning (ext4): destination with the same identifier (name{subsection.2.
2}) has been already used, duplicate ignored
<to be read again> 
                   \relax 
l.1010 \subsection{User Table}
                              
Overfull \hbox (3.13245pt too wide) in paragraph at lines 1016--1016
[]|\T5/cmr/m/n/10.95 NVARCHAR(150)| 
 []


Overfull \hbox (3.13245pt too wide) in paragraph at lines 1017--1017
[]|\T5/cmr/m/n/10.95 NVARCHAR(150)| 
 []


Overfull \hbox (3.13245pt too wide) in paragraph at lines 1018--1018
[]|\T5/cmr/m/n/10.95 NVARCHAR(255)| 
 []


Underfull \hbox (badness 10000) in paragraph at lines 1021--1022
[]|\T5/cmr/m/n/10.95 Yes \TS1/cmr/m/n/10.95 ^^Y
 []


Overfull \hbox (16.22336pt too wide) in alignment at lines 1011--1023
 [] [] [] [] [] 
 []


Overfull \hbox (3.13245pt too wide) in paragraph at lines 1032--1032
[]|\T5/cmr/m/n/10.95 NVARCHAR(200)| 
 []


Overfull \hbox (3.13245pt too wide) in paragraph at lines 1033--1033
[]|\T5/cmr/m/n/10.95 NVARCHAR(150)| 
 []


Overfull \hbox (16.22336pt too wide) in alignment at lines 1027--1036
 [] [] [] [] [] 
 []


Underfull \hbox (badness 10000) in paragraph at lines 1044--1044
[]|\T5/cmr/m/n/10.95 Yes
 []


Underfull \hbox (badness 10000) in paragraph at lines 1044--1044
\T5/cmr/m/n/10.95 (Com-
 []


Underfull \hbox (badness 10000) in paragraph at lines 1044--1045
[]|\T5/cmr/m/n/10.95 Yes \TS1/cmr/m/n/10.95 ^^Y
 []


Underfull \hbox (badness 10000) in paragraph at lines 1045--1045
[]|\T5/cmr/m/n/10.95 Yes
 []


Underfull \hbox (badness 10000) in paragraph at lines 1045--1045
\T5/cmr/m/n/10.95 (Com-
 []


Underfull \hbox (badness 10000) in paragraph at lines 1045--1046
[]|\T5/cmr/m/n/10.95 Yes \TS1/cmr/m/n/10.95 ^^Y
 []


Overfull \hbox (16.22336pt too wide) in alignment at lines 1040--1047
 [] [] [] [] [] 
 []


Overfull \hbox (3.13245pt too wide) in paragraph at lines 1056--1056
[]|\T5/cmr/m/n/10.95 NVARCHAR(150)| 
 []


Overfull \hbox (13.1675pt too wide) in paragraph at lines 1057--1057
[]|\T5/cmr/m/n/10.95 NVARCHAR(MAX)| 
 []


Underfull \hbox (badness 10000) in paragraph at lines 1058--1059
[]|\T5/cmr/m/n/10.95 Yes \TS1/cmr/m/n/10.95 ^^Y
 []


Overfull \hbox (16.22336pt too wide) in alignment at lines 1051--1060
 [] [] [] [] [] 
 []

[24]
Underfull \hbox (badness 10000) in paragraph at lines 1068--1068
[]|\T5/cmr/m/n/10.95 Yes
 []


Underfull \hbox (badness 10000) in paragraph at lines 1068--1068
\T5/cmr/m/n/10.95 (Com-
 []


Underfull \hbox (badness 10000) in paragraph at lines 1068--1069
[]|\T5/cmr/m/n/10.95 Yes \TS1/cmr/m/n/10.95 ^^Y
 []


Underfull \hbox (badness 10000) in paragraph at lines 1069--1069
[]|\T5/cmr/m/n/10.95 Yes
 []


Underfull \hbox (badness 10000) in paragraph at lines 1069--1069
\T5/cmr/m/n/10.95 (Com-
 []


Underfull \hbox (badness 10000) in paragraph at lines 1069--1070
[]|\T5/cmr/m/n/10.95 Yes \TS1/cmr/m/n/10.95 ^^Y
 []


Overfull \hbox (16.22336pt too wide) in alignment at lines 1064--1071
 [] [] [] [] [] 
 []


Overfull \hbox (3.13245pt too wide) in paragraph at lines 1080--1080
[]|\T5/cmr/m/n/10.95 NVARCHAR(150)| 
 []


Overfull \hbox (3.13245pt too wide) in paragraph at lines 1081--1081
[]|\T5/cmr/m/n/10.95 NVARCHAR(500)| 
 []


Overfull \hbox (3.13245pt too wide) in paragraph at lines 1082--1082
[]|\T5/cmr/m/n/10.95 NVARCHAR(100)| 
 []


Overfull \hbox (16.22336pt too wide) in alignment at lines 1075--1084
 [] [] [] [] [] 
 []


Overfull \hbox (3.13245pt too wide) in paragraph at lines 1093--1093
[]|\T5/cmr/m/n/10.95 NVARCHAR(150)| 
 []


Overfull \hbox (3.13245pt too wide) in paragraph at lines 1094--1094
[]|\T5/cmr/m/n/10.95 NVARCHAR(255)| 
 []


Overfull \hbox (16.22336pt too wide) in alignment at lines 1088--1096
 [] [] [] [] [] 
 []


Overfull \hbox (3.13245pt too wide) in paragraph at lines 1105--1105
[]|\T5/cmr/m/n/10.95 NVARCHAR(100)| 
 []


Overfull \hbox (16.22336pt too wide) in alignment at lines 1100--1107
 [] [] [] [] [] 
 []

[25]
Overfull \hbox (3.13245pt too wide) in paragraph at lines 1116--1116
[]|\T5/cmr/m/n/10.95 NVARCHAR(500)| 
 []


Overfull \hbox (13.1675pt too wide) in paragraph at lines 1117--1117
[]|\T5/cmr/m/n/10.95 NVARCHAR(MAX)| 
 []


Overfull \hbox (3.13245pt too wide) in paragraph at lines 1118--1118
[]|\T5/cmr/m/n/10.95 NVARCHAR(200)| 
 []


Underfull \hbox (badness 10000) in paragraph at lines 1120--1121
[]|\T5/cmr/m/n/10.95 Yes \TS1/cmr/m/n/10.95 ^^Y
 []


Overfull \hbox (8.59073pt too wide) in paragraph at lines 1120--1121
\T5/cmr/m/n/10.95 APISource| 
 []


Overfull \hbox (16.22336pt too wide) in alignment at lines 1111--1122
 [] [] [] [] [] 
 []


Underfull \hbox (badness 10000) in paragraph at lines 1130--1130
[]|\T5/cmr/m/n/10.95 Yes
 []


Underfull \hbox (badness 10000) in paragraph at lines 1130--1130
\T5/cmr/m/n/10.95 (Com-
 []


Underfull \hbox (badness 10000) in paragraph at lines 1130--1131
[]|\T5/cmr/m/n/10.95 Yes
 []


Underfull \hbox (badness 10000) in paragraph at lines 1130--1131
\TS1/cmr/m/n/10.95 ^^Y \T5/cmr/m/n/10.95 Re-
 []


Underfull \hbox (badness 10000) in paragraph at lines 1130--1131
\T5/cmr/m/n/10.95 search-
 []


Underfull \hbox (badness 10000) in paragraph at lines 1131--1131
[]|\T5/cmr/m/n/10.95 Yes
 []


Underfull \hbox (badness 10000) in paragraph at lines 1131--1131
\T5/cmr/m/n/10.95 (Com-
 []


Underfull \hbox (badness 10000) in paragraph at lines 1131--1132
[]|\T5/cmr/m/n/10.95 Yes \TS1/cmr/m/n/10.95 ^^Y
 []


Overfull \hbox (16.22336pt too wide) in alignment at lines 1126--1133
 [] [] [] [] [] 
 []


Underfull \hbox (badness 10000) in paragraph at lines 1141--1141
[]|\T5/cmr/m/n/10.95 Yes
 []


Underfull \hbox (badness 10000) in paragraph at lines 1141--1141
\T5/cmr/m/n/10.95 (Com-
 []


Underfull \hbox (badness 10000) in paragraph at lines 1141--1142
[]|\T5/cmr/m/n/10.95 Yes
 []


Underfull \hbox (badness 10000) in paragraph at lines 1141--1142
\TS1/cmr/m/n/10.95 ^^Y \T5/cmr/m/n/10.95 Re-
 []


Underfull \hbox (badness 10000) in paragraph at lines 1141--1142
\T5/cmr/m/n/10.95 search-
 []


Underfull \hbox (badness 10000) in paragraph at lines 1142--1142
[]|\T5/cmr/m/n/10.95 Yes
 []


Underfull \hbox (badness 10000) in paragraph at lines 1142--1142
\T5/cmr/m/n/10.95 (Com-
 []


Underfull \hbox (badness 10000) in paragraph at lines 1142--1143
[]|\T5/cmr/m/n/10.95 Yes \TS1/cmr/m/n/10.95 ^^Y
 []


Overfull \hbox (16.22336pt too wide) in alignment at lines 1137--1144
 [] [] [] [] [] 
 []

[26]
Underfull \hbox (badness 10000) in paragraph at lines 1152--1152
[]|\T5/cmr/m/n/10.95 Yes
 []


Underfull \hbox (badness 10000) in paragraph at lines 1152--1152
\T5/cmr/m/n/10.95 (Com-
 []


Underfull \hbox (badness 10000) in paragraph at lines 1152--1153
[]|\T5/cmr/m/n/10.95 Yes
 []


Underfull \hbox (badness 10000) in paragraph at lines 1152--1153
\TS1/cmr/m/n/10.95 ^^Y \T5/cmr/m/n/10.95 Re-
 []


Underfull \hbox (badness 10000) in paragraph at lines 1152--1153
\T5/cmr/m/n/10.95 search-
 []


Underfull \hbox (badness 10000) in paragraph at lines 1153--1153
[]|\T5/cmr/m/n/10.95 Yes
 []


Underfull \hbox (badness 10000) in paragraph at lines 1153--1153
\T5/cmr/m/n/10.95 (Com-
 []


Underfull \hbox (badness 10000) in paragraph at lines 1153--1154
[]|\T5/cmr/m/n/10.95 Yes \TS1/cmr/m/n/10.95 ^^Y
 []


Overfull \hbox (16.22336pt too wide) in alignment at lines 1148--1156
 [] [] [] [] [] 
 []


Underfull \hbox (badness 10000) in paragraph at lines 1168--1169
[]|\T5/cmr/m/n/10.95 Yes \TS1/cmr/m/n/10.95 ^^Y
 []


Overfull \hbox (16.22336pt too wide) in alignment at lines 1160--1170
 [] [] [] [] [] 
 []


Overfull \hbox (3.13245pt too wide) in paragraph at lines 1179--1179
[]|\T5/cmr/m/n/10.95 NVARCHAR(300)| 
 []


Overfull \hbox (3.13245pt too wide) in paragraph at lines 1180--1180
[]|\T5/cmr/m/n/10.95 NVARCHAR(200)| 
 []


Underfull \hbox (badness 10000) in paragraph at lines 1184--1185
[]|\T5/cmr/m/n/10.95 Yes \TS1/cmr/m/n/10.95 ^^Y
 []


Overfull \hbox (16.22336pt too wide) in alignment at lines 1174--1186
 [] [] [] [] [] 
 []

[27]
Overfull \hbox (3.13245pt too wide) in paragraph at lines 1195--1195
[]|\T5/cmr/m/n/10.95 NVARCHAR(300)| 
 []


Overfull \hbox (13.1675pt too wide) in paragraph at lines 1196--1196
[]|\T5/cmr/m/n/10.95 NVARCHAR(MAX)| 
 []


Underfull \hbox (badness 10000) in paragraph at lines 1199--1200
[]|\T5/cmr/m/n/10.95 Yes \TS1/cmr/m/n/10.95 ^^Y
 []


Overfull \hbox (16.22336pt too wide) in alignment at lines 1190--1201
 [] [] [] [] [] 
 []


Underfull \hbox (badness 10000) in paragraph at lines 1209--1209
[]|\T5/cmr/m/n/10.95 Yes
 []


Underfull \hbox (badness 10000) in paragraph at lines 1209--1209
\T5/cmr/m/n/10.95 (Com-
 []


Underfull \hbox (badness 10000) in paragraph at lines 1209--1210
[]|\T5/cmr/m/n/10.95 Yes \TS1/cmr/m/n/10.95 ^^Y
 []


Underfull \hbox (badness 10000) in paragraph at lines 1209--1210
\T5/cmr/m/n/10.95 No-ti-fi-ca-
 []


Underfull \hbox (badness 10000) in paragraph at lines 1210--1210
[]|\T5/cmr/m/n/10.95 Yes
 []


Underfull \hbox (badness 10000) in paragraph at lines 1210--1210
\T5/cmr/m/n/10.95 (Com-
 []


Underfull \hbox (badness 10000) in paragraph at lines 1210--1211
[]|\T5/cmr/m/n/10.95 Yes
 []


Underfull \hbox (badness 10000) in paragraph at lines 1210--1211
\TS1/cmr/m/n/10.95 ^^Y \T5/cmr/m/n/10.95 Re-
 []


Underfull \hbox (badness 10000) in paragraph at lines 1210--1211
\T5/cmr/m/n/10.95 search-
 []


Overfull \hbox (16.22336pt too wide) in alignment at lines 1205--1212
 [] [] [] [] [] 
 []


Underfull \hbox (badness 10000) in paragraph at lines 1222--1223
[]|\T5/cmr/m/n/10.95 Yes \TS1/cmr/m/n/10.95 ^^Y
 []


Underfull \hbox (badness 10000) in paragraph at lines 1223--1224
[]|\T5/cmr/m/n/10.95 Yes
 []


Underfull \hbox (badness 10000) in paragraph at lines 1223--1224
\TS1/cmr/m/n/10.95 ^^Y \T5/cmr/m/n/10.95 Re-
 []


Underfull \hbox (badness 10000) in paragraph at lines 1223--1224
\T5/cmr/m/n/10.95 search-
 []


Underfull \hbox (badness 10000) in paragraph at lines 1224--1225
[]|\T5/cmr/m/n/10.95 Yes \TS1/cmr/m/n/10.95 ^^Y
 []


Overfull \hbox (16.22336pt too wide) in alignment at lines 1216--1226
 [] [] [] [] [] 
 []

[28]
pdfTeX warning (ext4): destination with the same identifier (name{section.3}) h
as been already used, duplicate ignored
<to be read again> 
                   \relax 
l.1227 \section{ Detail Design}
                               
pdfTeX warning (ext4): destination with the same identifier (name{subsection.3.
1}) has been already used, duplicate ignored
<to be read again> 
                   \relax 
l.1228 \subsection{Register}
                            
pdfTeX warning (ext4): destination with the same identifier (name{subsubsection
.3.1.1}) has been already used, duplicate ignored
<to be read again> 
                   \relax 
l.1229 \subsubsection{Activity diagram}
                                       
<ac1.png, id=679, 1286.8075pt x 578.16pt>
File: ac1.png Graphic file (type png)
<use ac1.png>
Package pdftex.def Info: ac1.png  used on input line 1232.
(pdftex.def)             Requested size: 452.9679pt x 203.51471pt.

pdfTeX warning (ext4): destination with the same identifier (name{subsubsection
.3.1.2}) has been already used, duplicate ignored
<to be read again> 
                   \relax 
l.1236 \subsubsection{Sequence Diagram}
                                       
<tt1.png, id=680, 729.72626pt x 950.55125pt>
File: tt1.png Graphic file (type png)
<use tt1.png>
Package pdftex.def Info: tt1.png  used on input line 1239.
(pdftex.def)             Requested size: 452.9679pt x 590.0464pt.
 [29 <./ac1.png>]
<sta1.png, id=687, 444.66125pt x 804.00375pt>
File: sta1.png Graphic file (type png)
<use sta1.png>
Package pdftex.def Info: sta1.png  used on input line 1246.
(pdftex.def)             Requested size: 348.6731pt x 630.45189pt.
 [30 <./tt1.png>]
<CDRegister.png, id=694, 886.31125pt x 733.74126pt>
File: CDRegister.png Graphic file (type png)
<use CDRegister.png>
Package pdftex.def Info: CDRegister.png  used on input line 1253.
(pdftex.def)             Requested size: 452.9679pt x 374.998pt.

[31 <./sta1.png>]
pdfTeX warning (ext4): destination with the same identifier (name{subsection.3.
2}) has been already used, duplicate ignored
<to be read again> 
                   \relax 
l.1258 \subsection{Login}
                         
<ac2.png, id=702, 744.7825pt x 612.2875pt>
File: ac2.png Graphic file (type png)
<use ac2.png>
Package pdftex.def Info: ac2.png  used on input line 1262.
(pdftex.def)             Requested size: 452.9679pt x 372.3924pt.
 [32 <./CDRegister.png>]
<tt2.png, id=709, 653.44125pt x 708.6475pt>
File: tt2.png Graphic file (type png)
<use tt2.png>
Package pdftex.def Info: tt2.png  used on input line 1269.
(pdftex.def)             Requested size: 452.9679pt x 491.23805pt.
 [33 <./ac2.png>]
<sta2.png, id=716, 524.96124pt x 629.35126pt>
File: sta2.png Graphic file (type png)
<use sta2.png>
Package pdftex.def Info: sta2.png  used on input line 1276.
(pdftex.def)             Requested size: 452.9679pt x 543.05612pt.
 [34 <./tt2.png>]
<CDLogin.png, id=723, 882.29625pt x 745.78625pt>
File: CDLogin.png Graphic file (type png)
<use CDLogin.png>
Package pdftex.def Info: CDLogin.png  used on input line 1283.
(pdftex.def)             Requested size: 452.9679pt x 382.88365pt.
 [35 <./sta2.png>]
pdfTeX warning (ext4): destination with the same identifier (name{subsection.3.
3}) has been already used, duplicate ignored
<to be read again> 
                   \relax 
l.1289 \subsection{Search Research Papers}
                                          
<ac3.png, id=730, 1102.1175pt x 699.61375pt>
File: ac3.png Graphic file (type png)
<use ac3.png>
Package pdftex.def Info: ac3.png  used on input line 1293.
(pdftex.def)             Requested size: 452.9679pt x 287.53738pt.
 [36 <./CDLogin.png>]
<tt3.png, id=737, 712.6625pt x 900.36375pt>
File: tt3.png Graphic file (type png)
<use tt3.png>
Package pdftex.def Info: tt3.png  used on input line 1300.
(pdftex.def)             Requested size: 452.9679pt x 572.27417pt.
 [37 <./ac3.png>]
<sta3.png, id=745, 554.07pt x 915.42pt>
File: sta3.png Graphic file (type png)
<use sta3.png>
Package pdftex.def Info: sta3.png  used on input line 1307.
(pdftex.def)             Requested size: 381.607pt x 630.45189pt.
 [38 <./tt3.png>]
<CDSearchResearchPaper.png, id=752, 929.4725pt x 722.7pt>
File: CDSearchResearchPaper.png Graphic file (type png)
<use CDSearchResearchPaper.png>
Package pdftex.def Info: CDSearchResearchPaper.png  used on input line 1314.
(pdftex.def)             Requested size: 452.9679pt x 352.19627pt.
 [39 <./sta3.png>]
pdfTeX warning (ext4): destination with the same identifier (name{subsection.3.
4}) has been already used, duplicate ignored
<to be read again> 
                   \relax 
l.1321 \subsection{View Paper Details}
                                      
<avpd.png, id=759, 2673.99pt x 3043.37pt>
File: avpd.png Graphic file (type png)
<use avpd.png>
Package pdftex.def Info: avpd.png  used on input line 1325.
(pdftex.def)             Requested size: 452.9679pt x 515.50854pt.
 [40 <./CDSearchResearchPaper.png>]
<sevpd.png, id=766, 4641.34pt x 3276.24pt>
File: sevpd.png Graphic file (type png)
<use sevpd.png>
Package pdftex.def Info: sevpd.png  used on input line 1332.
(pdftex.def)             Requested size: 452.9679pt x 319.69456pt.

[41 <./avpd.png>]
<svpd.png, id=773, 2087.8pt x 2316.655pt>
File: svpd.png Graphic file (type png)
<use svpd.png>
Package pdftex.def Info: svpd.png  used on input line 1339.
(pdftex.def)             Requested size: 452.9679pt x 502.59583pt.
 [42 <./sevpd.png>]
<CDPaperDetail.png, id=780, 931.48pt x 699.61375pt>
File: CDPaperDetail.png Graphic file (type png)
<use CDPaperDetail.png>
Package pdftex.def Info: CDPaperDetail.png  used on input line 1346.
(pdftex.def)             Requested size: 452.9679pt x 340.20898pt.
 [43 <./svpd.png>]
pdfTeX warning (ext4): destination with the same identifier (name{subsection.3.
5}) has been already used, duplicate ignored
<to be read again> 
                   \relax 
l.1353 \subsection{Save Bookmarks}
                                  
<asb.png, id=788, 3681.755pt x 2710.125pt>
File: asb.png Graphic file (type png)
<use asb.png>
Package pdftex.def Info: asb.png  used on input line 1357.
(pdftex.def)             Requested size: 452.9679pt x 333.43024pt.
 [44 <./CDPaperDetail.png>]
<sesb.png, id=795, 4356.275pt x 3304.345pt>
File: sesb.png Graphic file (type png)
<use sesb.png>
Package pdftex.def Info: sesb.png  used on input line 1364.
(pdftex.def)             Requested size: 452.9679pt x 343.56311pt.
 [45 <./asb.png>]
<ssb.png, id=802, 2216.28pt x 2007.5pt>
File: ssb.png Graphic file (type png)
<use ssb.png>
Package pdftex.def Info: ssb.png  used on input line 1371.
(pdftex.def)             Requested size: 452.9679pt x 410.28426pt.

[46 <./sesb.png>]
<CDBookmark.png, id=809, 936.49875pt x 682.55pt>
File: CDBookmark.png Graphic file (type png)
<use CDBookmark.png>
Package pdftex.def Info: CDBookmark.png  used on input line 1378.
(pdftex.def)             Requested size: 452.9679pt x 330.14067pt.
 [47 <./ssb.png>]
<atpt.png, id=816, 3316.39pt x 5235.56pt>
File: atpt.png Graphic file (type png)
<use atpt.png>
Package pdftex.def Info: atpt.png  used on input line 1388.
(pdftex.def)             Requested size: 452.9679pt x 715.07848pt.
 [48 <./CDBookmark.png>] [49]
Overfull \vbox (98.87186pt too high) has occurred while \output is active []


[50 <./atpt.png>]
<setpt.png, id=834, 5323.89pt x 4424.53pt>
File: setpt.png Graphic file (type png)
<use setpt.png>
Package pdftex.def Info: setpt.png  used on input line 1395.
(pdftex.def)             Requested size: 452.9679pt x 376.38388pt.
<stpt.png, id=835, 2356.805pt x 4300.065pt>
File: stpt.png Graphic file (type png)
<use stpt.png>
Package pdftex.def Info: stpt.png  used on input line 1402.
(pdftex.def)             Requested size: 345.52196pt x 630.45189pt.
 [51 <./setpt.png>]
<Track-Publication-Trend_class-diagram.jpg, id=842, 857.2025pt x 1204.5pt>
File: Track-Publication-Trend_class-diagram.jpg Graphic file (type jpg)
<use Track-Publication-Trend_class-diagram.jpg>
Package pdftex.def Info: Track-Publication-Trend_class-diagram.jpg  used on inp
ut line 1409.
(pdftex.def)             Requested size: 452.9679pt x 636.48892pt.
 [52 <./stpt.png>]
<ac7.png, id=849, 1075.01625pt x 1577.895pt>
File: ac7.png Graphic file (type png)
<use ac7.png>
Package pdftex.def Info: ac7.png  used on input line 1418.
(pdftex.def)             Requested size: 407.66833pt x 598.35435pt.
 [53 <./Track-Publication-Trend_class-diagram.jpg>]
<sevdb.png, id=855, 896.34875pt x 617.30624pt>
File: sevdb.png Graphic file (type png)
<use sevdb.png>
Package pdftex.def Info: sevdb.png  used on input line 1425.
(pdftex.def)             Requested size: 452.9679pt x 311.94913pt.
 [54 <./ac7.png (PNG copy)>]
<sta7.png, id=861, 825.0825pt x 951.555pt>
File: sta7.png Graphic file (type png)
<use sta7.png>
Package pdftex.def Info: sta7.png  used on input line 1432.
(pdftex.def)             Requested size: 452.9679pt x 522.39857pt.
 [55 <./sevdb.png (PNG copy)>]
<View-Dashboard_class-diagram.jpg, id=868, 925.4575pt x 901.3675pt>
File: View-Dashboard_class-diagram.jpg Graphic file (type jpg)
<use View-Dashboard_class-diagram.jpg>
Package pdftex.def Info: View-Dashboard_class-diagram.jpg  used on input line 1
439.
(pdftex.def)             Requested size: 452.9679pt x 441.1788pt.
 [56 <./sta7.png (PNG copy)>]
<activity_Generate-reports.png, id=874, 1445.4pt x 1139.25626pt>
File: activity_Generate-reports.png Graphic file (type png)
<use activity_Generate-reports.png>
Package pdftex.def Info: activity_Generate-reports.png  used on input line 1448
.
(pdftex.def)             Requested size: 452.9679pt x 357.02495pt.
 [57 <./View-Dashboard_class-diagram.jpg>]
<sequence_Generate-reports.png, id=880, 628.3475pt x 750.805pt>
File: sequence_Generate-reports.png Graphic file (type png)
<use sequence_Generate-reports.png>
Package pdftex.def Info: sequence_Generate-reports.png  used on input line 1455
.
(pdftex.def)             Requested size: 527.65489pt x 630.45189pt.

Overfull \hbox (74.687pt too wide) in paragraph at lines 1455--1456
 [][] 
 []

[58 <./activity_Generate-reports.png (PNG copy)>]
<state_Generate-reports.png, id=886, 937.5025pt x 1690.315pt>
File: state_Generate-reports.png Graphic file (type png)
<use state_Generate-reports.png>
Package pdftex.def Info: state_Generate-reports.png  used on input line 1462.
(pdftex.def)             Requested size: 349.6743pt x 630.45189pt.
 [59 <./sequence_Generate-reports.png (PNG copy)>]
<Generate-Reports_class-diagram.jpg, id=892, 1146.2825pt x 973.6375pt>
File: Generate-Reports_class-diagram.jpg Graphic file (type jpg)
<use Generate-Reports_class-diagram.jpg>
Package pdftex.def Info: Generate-Reports_class-diagram.jpg  used on input line
 1469.
(pdftex.def)             Requested size: 452.9679pt x 384.75345pt.
 [60 <./state_Generate-reports.png (PNG copy)>]
<ac8.png, id=898, 1264.725pt x 2044.63875pt>
File: ac8.png Graphic file (type png)
<use ac8.png>
Package pdftex.def Info: ac8.png  used on input line 1478.
(pdftex.def)             Requested size: 362.37569pt x 585.81677pt.
 [61 <./Generate-Reports_class-diagram.jpg>]
<sevtt.png, id=905, 993.7125pt x 761.84625pt>
File: sevtt.png Graphic file (type png)
<use sevtt.png>
Package pdftex.def Info: sevtt.png  used on input line 1485.
(pdftex.def)             Requested size: 452.9679pt x 347.27995pt.
 [62 <./ac8.png (PNG copy)>]
<sta8.png, id=911, 661.47125pt x 1072.005pt>
File: sta8.png Graphic file (type png)
<use sta8.png>
Package pdftex.def Info: sta8.png  used on input line 1492.
(pdftex.def)             Requested size: 362.37569pt x 587.26547pt.
 [63 <./sevtt.png (PNG copy)>]
<follow topics.png, id=917, 1387.1825pt x 728.7225pt>
File: follow topics.png Graphic file (type png)
<use follow topics.png>
Package pdftex.def Info: follow topics.png  used on input line 1502.
(pdftex.def)             Requested size: 452.9679pt x 237.95506pt.
 [64 <./sta8.png (PNG copy)>]
<follow topice 2.png, id=923, 914.41624pt x 416.55624pt>
File: follow topice 2.png Graphic file (type png)
<use follow topice 2.png>
Package pdftex.def Info: follow topice 2.png  used on input line 1509.
(pdftex.def)             Requested size: 452.9679pt x 206.34534pt.
<follow topice 3.png, id=924, 262.9825pt x 780.9175pt>
File: follow topice 3.png Graphic file (type png)
<use follow topice 3.png>
Package pdftex.def Info: follow topice 3.png  used on input line 1516.
(pdftex.def)             Requested size: 452.9679pt x 1345.12996pt.
 [65 <./follow topics.png (PNG copy)> <./follow topice 2.png (PNG copy)>] [66]
Overfull \vbox (703.85875pt too high) has occurred while \output is active []


[67 <./follow topice 3.png (PNG copy)>]
<Receive notifications.png, id=941, 1589.94pt x 837.1275pt>
File: Receive notifications.png Graphic file (type png)
<use Receive notifications.png>
Package pdftex.def Info: Receive notifications.png  used on input line 1526.
(pdftex.def)             Requested size: 452.9679pt x 238.4944pt.
<Receive notifications 1.png, id=942, 1128.215pt x 431.6125pt>
File: Receive notifications 1.png Graphic file (type png)
<use Receive notifications 1.png>
Package pdftex.def Info: Receive notifications 1.png  used on input line 1534.
(pdftex.def)             Requested size: 452.9679pt x 173.28735pt.
<Receive notifications 2.png, id=943, 400.49625pt x 468.75125pt>
File: Receive notifications 2.png Graphic file (type png)
<use Receive notifications 2.png>
Package pdftex.def Info: Receive notifications 2.png  used on input line 1541.
(pdftex.def)             Requested size: 452.9679pt x 530.19772pt.
 [68 <./Receive notifications.png (PNG copy)> <./Receive notifications 1.png (P
NG copy)>]
<activity_Manage-Users.png, id=950, 1445.4pt x 655.44875pt>
File: activity_Manage-Users.png Graphic file (type png)
<use activity_Manage-Users.png>
Package pdftex.def Info: activity_Manage-Users.png  used on input line 1557.
(pdftex.def)             Requested size: 452.9679pt x 205.4073pt.
 [69 <./Receive notifications 2.png (PNG copy)>]
<sequence_Manage-Users.png, id=956, 529.98pt x 949.5475pt>
File: sequence_Manage-Users.png Graphic file (type png)
<use sequence_Manage-Users.png>
Package pdftex.def Info: sequence_Manage-Users.png  used on input line 1564.
(pdftex.def)             Requested size: 452.9679pt x 811.58177pt.
 [70 <./activity_Manage-Users.png>] [71]
Overfull \vbox (170.31056pt too high) has occurred while \output is active []


[72 <./sequence_Manage-Users.png (PNG copy)>]
<state_Manage-Users.png, id=972, 1036.87375pt x 1528.71124pt>
File: state_Manage-Users.png Graphic file (type png)
<use state_Manage-Users.png>
Package pdftex.def Info: state_Manage-Users.png  used on input line 1571.
(pdftex.def)             Requested size: 427.60495pt x 630.45189pt.
<con1ac.png, id=973, 966.61125pt x 660.4675pt>
File: con1ac.png Graphic file (type png)
<use con1ac.png>
Package pdftex.def Info: con1ac.png  used on input line 1580.
(pdftex.def)             Requested size: 452.9679pt x 309.50267pt.
 [73 <./state_Manage-Users.png (PNG copy)>]
<con1tt.png, id=980, 867.24pt x 826.08624pt>
File: con1tt.png Graphic file (type png)
<use con1tt.png>
Package pdftex.def Info: con1tt.png  used on input line 1587.
(pdftex.def)             Requested size: 452.9679pt x 431.47067pt.
 [74 <./con1ac.png>]
<con1sta.png, id=987, 518.93875pt x 829.0975pt>
File: con1sta.png Graphic file (type png)
<use con1sta.png>
Package pdftex.def Info: con1sta.png  used on input line 1594.
(pdftex.def)             Requested size: 394.61926pt x 630.45189pt.
 [75 <./con1tt.png>]
<cyac1.png, id=994, 817.0525pt x 834.11626pt>
File: cyac1.png Graphic file (type png)
<use cyac1.png>
Package pdftex.def Info: cyac1.png  used on input line 1604.
(pdftex.def)             Requested size: 452.9679pt x 462.43091pt.
 [76 <./con1sta.png>]
<sytt1.png, id=1001, 904.37875pt x 795.97375pt>
File: sytt1.png Graphic file (type png)
<use sytt1.png>
Package pdftex.def Info: sytt1.png  used on input line 1611.
(pdftex.def)             Requested size: 452.9679pt x 398.66605pt.
 [77 <./cyac1.png>]
<systa1.png, id=1008, 647.41875pt x 835.12pt>
File: systa1.png Graphic file (type png)
<use systa1.png>
Package pdftex.def Info: systa1.png  used on input line 1618.
(pdftex.def)             Requested size: 452.9679pt x 584.29967pt.
 [78 <./sytt1.png>] [79 <./systa1.png>] (main.aux)
 ***********
LaTeX2e <2026-06-01>
L3 programming layer <2026-05-26>
 ***********


LaTeX Warning: There were multiply-defined labels.

Package rerunfilecheck Info: File `main.out' has not changed.
(rerunfilecheck)             Checksum: AF7BA1E3D0B4F870F17E04DA9617ACAA;20215.
 ) 
Here is how much of TeX's memory you used:
 12564 strings out of 467509
 197171 string characters out of 5418889
 659972 words of memory out of 5000000
 41381 multiletter control sequences out of 15000+600000
 642953 words of font info for 66 fonts, out of 8000000 for 9000
 1141 hyphenation exceptions out of 8191
 74i,10n,83p,478b,586s stack positions out of 10000i,1000n,20000p,200000b,200000s
 <C:\Users\baotr\AppData\Local\MiKTeX\fonts/pk/ljfour/jknappen/ec/dpi600\tcrm
1095.pk> <C:\Users\baotr\AppData\Local\MiKTeX\fonts/pk/ljfour/jknappen/ec/dpi60
0\tcrm1200.pk><C:/Program Files/MiKTeX/fonts/type1/public/amsfonts/cm/cmsy10.pf
b><C:/Program Files/MiKTeX/fonts/type1/vntex/vnr/vnbx10.pfb><C:/Program Files/M
iKTeX/fonts/type1/vntex/vnr/vnbx12.pfb><C:/Program Files/MiKTeX/fonts/type1/vnt
ex/vnr/vnr10.pfb><C:/Program Files/MiKTeX/fonts/type1/vntex/vnr/vnr12.pfb><C:/P
rogram Files/MiKTeX/fonts/type1/vntex/vnr/vnti10.pfb><C:/Program Files/MiKTeX/f
onts/type1/vntex/vnr/vntt12.pfb>
Output written on main.pdf (79 pages, 8993068 bytes).
PDF statistics:
 1121 PDF objects out of 1200 (max. 8388607)
 268 named destinations out of 1000 (max. 500000)
 1345 words of extra memory for PDF output out of 10000 (max. 10000000)

