\BOOKMARK [1][-]{section*.1}{\376\377\000=\000I\000.\000\040\000I\000N\000T\000R\000O\000D\000U\000C\000T\000I\000O\000N}{}% 1
\BOOKMARK [0][-]{section*.1}{\376\377\000I\000.\000\040\000I\000N\000T\000R\000O\000D\000U\000C\000T\000I\000O\000N}{}% 2
\BOOKMARK [1][-]{section.1}{\376\377\000O\000v\000e\000r\000v\000i\000e\000w}{section*.1}% 3
\BOOKMARK [2][-]{subsection.1.1}{\376\377\000P\000r\000o\000j\000e\000c\000t\000\040\000I\000n\000f\000o\000r\000m\000a\000t\000i\000o\000n}{section.1}% 4
\BOOKMARK [2][-]{subsection.1.2}{\376\377\000P\000r\000o\000j\000e\000c\000t\000\040\000t\000e\000a\000m}{section.1}% 5
\BOOKMARK [1][-]{section.2}{\376\377\000P\000r\000o\000j\000e\000c\000t\000\040\000S\000c\000o\000p\000e\000\040\000a\000n\000d\000\040\000L\000i\000m\000i\000t\000a\000t\000i\000o\000n\000s}{section*.1}% 6
\BOOKMARK [2][-]{subsection.2.1}{\376\377\000M\000a\000j\000o\000r\000\040\000F\000e\000a\000t\000u\000r\000e\000s}{section.2}% 7
\BOOKMARK [3][-]{subsubsection.2.1.1}{\376\377\000M\000a\000j\000o\000r\000\040\000F\000e\000a\000t\000u\000r\000e\000s\000\040\000f\000o\000r\000\040\000U\000s\000e\000r}{subsection.2.1}% 8
\BOOKMARK [3][-]{subsubsection.2.1.2}{\376\377\000M\000a\000j\000o\000r\000\040\000F\000e\000a\000t\000u\000r\000e\000s\000\040\000f\000o\000r\000\040\000A\000d\000m\000i\000n\000i\000s\000t\000r\000a\000t\000o\000r}{subsection.2.1}% 9
\BOOKMARK [2][-]{subsection.2.2}{\376\377\000P\000r\000o\000j\000e\000c\000t\000\040\000L\000i\000m\000i\000t\000a\000t\000i\000o\000n\000s}{section.2}% 10
\BOOKMARK [3][-]{subsubsection.2.2.1}{\376\377\000L\000i\000m\000i\000t\000e\000d\000\040\000U\000s\000e\000\040\000o\000f\000\040\000F\000u\000l\000l\000-\000T\000e\000x\000t\000\040\000D\000a\000t\000a}{subsection.2.2}% 11
\BOOKMARK [3][-]{subsubsection.2.2.2}{\376\377\000R\000e\000s\000t\000r\000i\000c\000t\000e\000d\000\040\000D\000a\000t\000a\000\040\000S\000c\000o\000p\000e}{subsection.2.2}% 12
\BOOKMARK [3][-]{subsubsection.2.2.3}{\376\377\000D\000e\000p\000e\000n\000d\000e\000n\000c\000e\000\040\000o\000n\000\040\000E\000x\000t\000e\000r\000n\000a\000l\000\040\000A\000P\000I\000s}{subsection.2.2}% 13
\BOOKMARK [3][-]{subsubsection.2.2.4}{\376\377\000S\000i\000m\000p\000l\000i\000f\000i\000e\000d\000\040\000T\000r\000e\000n\000d\000\040\000A\000n\000a\000l\000y\000s\000i\000s\000\040\000a\000n\000d\000\040\000U\000p\000d\000a\000t\000e\000\040\000F\000r\000e\000q\000u\000e\000n\000c\000y}{subsection.2.2}% 14
\BOOKMARK [1][-]{section*.2}{\376\377\000=\000I\000I\000.\000\040\000P\000R\000O\000J\000E\000C\000T\000\040\000M\000A\000N\000A\000G\000E\000M\000E\000N\000T\000\040\000P\000L\000A\000N}{section*.1}% 15
\BOOKMARK [0][-]{section*.2}{\376\377\000I\000I\000.\000\040\000P\000R\000O\000J\000E\000C\000T\000\040\000M\000A\000N\000A\000G\000E\000M\000E\000N\000T\000\040\000P\000L\000A\000N}{}% 16
\BOOKMARK [0][-]{section*.2}{\376\377\000\040\000I\000I\000.\000\040\000P\000R\000O\000J\000E\000C\000T\000\040\000M\000A\000N\000A\000G\000E\000M\000E\000N\000T\000\040\000P\000L\000A\000N}{}% 17
\BOOKMARK [1][-]{section.1}{\376\377\000O\000v\000e\000r\000v\000i\000e\000w}{section*.2}% 18
\BOOKMARK [2][-]{subsection.1.1}{\376\377\000S\000c\000o\000p\000e\000\040\000a\000n\000d\000\040\000e\000s\000t\000i\000m\000a\000t\000i\000o\000n}{section.1}% 19
\BOOKMARK [2][-]{subsection.1.2}{\376\377\000P\000r\000o\000j\000e\000c\000t\000\040\000O\000b\000j\000e\000c\000t\000i\000v\000e}{section.1}% 20
\BOOKMARK [2][-]{subsection.1.3}{\376\377\000P\000r\000o\000j\000e\000c\000t\000\040\000R\000i\000s\000k\000s}{section.1}% 21
\BOOKMARK [1][-]{section.2}{\376\377\000P\000r\000o\000j\000e\000c\000t\000\040\000D\000e\000l\000i\000v\000e\000r\000a\000b\000l\000e\000s}{section*.2}% 22
\BOOKMARK [1][-]{section*.7}{\376\377\000=\000I\000I\000I\000.\000\040\000S\000O\000F\000T\000W\000A\000R\000E\000\040\000R\000E\000Q\000U\000I\000R\000E\000M\000E\000N\000T\000\040\000S\000P\000E\000C\000I\000F\000I\000C\000A\000T\000I\000O\000N}{section*.2}% 23
\BOOKMARK [0][-]{section*.7}{\376\377\000\040\000I\000I\000I\000.\000\040\000S\000O\000F\000T\000W\000A\000R\000E\000\040\000R\000E\000Q\000U\000I\000R\000E\000M\000E\000N\000T\000\040\000S\000P\000E\000C\000I\000F\000I\000C\000A\000T\000I\000O\000N}{}% 24
\BOOKMARK [1][-]{section.1}{\376\377\000P\000r\000o\000d\000u\000c\000t\000\040\000O\000v\000e\000r\000v\000i\000e\000w}{section*.7}% 25
\BOOKMARK [1][-]{section.2}{\376\377\000U\000s\000e\000r\000\040\000R\000e\000q\000u\000i\000r\000e\000m\000e\000n\000t\000s}{section*.7}% 26
\BOOKMARK [2][-]{subsection.2.1}{\376\377\000A\000c\000t\000o\000r\000s}{section.2}% 27
\BOOKMARK [3][-]{subsubsection.2.1.1}{\376\377\000U\000s\000e\000r}{subsection.2.1}% 28
\BOOKMARK [3][-]{subsubsection.2.1.2}{\376\377\000S\000t\000u\000d\000e\000n\000t}{subsection.2.1}% 29
\BOOKMARK [3][-]{subsubsection.2.1.3}{\376\377\000R\000e\000s\000e\000a\000r\000c\000h\000e\000r}{subsection.2.1}% 30
\BOOKMARK [3][-]{subsubsection.2.1.4}{\376\377\000A\000d\000m\000i\000n}{subsection.2.1}% 31
\BOOKMARK [3][-]{subsubsection.2.1.5}{\376\377\000A\000c\000a\000d\000e\000m\000i\000c\000\040\000A\000P\000I}{subsection.2.1}% 32
\BOOKMARK [2][-]{subsection.2.2}{\376\377\000U\000s\000e\000\040\000C\000a\000s\000e\000\040\000D\000i\000a\000g\000r\000a\000m\000s}{section.2}% 33
\BOOKMARK [2][-]{subsection.2.3}{\376\377\000U\000s\000e\000\040\000C\000a\000s\000e\000\040\000D\000e\000s\000c\000r\000i\000p\000t\000i\000o\000n\000s}{section.2}% 34
\BOOKMARK [3][-]{subsubsection.2.3.1}{\376\377\000R\000e\000g\000i\000s\000t\000e\000r}{subsection.2.3}% 35
\BOOKMARK [3][-]{subsubsection.2.3.2}{\376\377\000L\000o\000g\000i\000n}{subsection.2.3}% 36
\BOOKMARK [3][-]{subsubsection.2.3.3}{\376\377\000S\000e\000a\000r\000c\000h\000\040\000R\000e\000s\000e\000a\000r\000c\000h\000\040\000P\000a\000p\000e\000r\000s}{subsection.2.3}% 37
\BOOKMARK [3][-]{subsubsection.2.3.4}{\376\377\000V\000i\000e\000w\000\040\000P\000a\000p\000e\000r\000\040\000D\000e\000t\000a\000i\000l\000s}{subsection.2.3}% 38
\BOOKMARK [3][-]{subsubsection.2.3.5}{\376\377\000S\000a\000v\000e\000\040\000B\000o\000o\000k\000m\000a\000r\000k\000s}{subsection.2.3}% 39
\BOOKMARK [3][-]{subsubsection.2.3.6}{\376\377\000T\000r\000a\000c\000k\000\040\000P\000u\000b\000l\000i\000c\000a\000t\000i\000o\000n\000\040\000T\000r\000e\000n\000d\000s}{subsection.2.3}% 40
\BOOKMARK [3][-]{subsubsection.2.3.7}{\376\377\000V\000i\000e\000w\000\040\000D\000a\000s\000h\000b\000o\000a\000r\000d}{subsection.2.3}% 41
\BOOKMARK [3][-]{subsubsection.2.3.8}{\376\377\000V\000i\000e\000w\000\040\000T\000r\000e\000n\000d\000i\000n\000g\000\040\000T\000o\000p\000i\000c\000s}{subsection.2.3}% 42
\BOOKMARK [3][-]{subsubsection.2.3.9}{\376\377\000F\000o\000l\000l\000o\000w\000\040\000T\000o\000p\000i\000c\000s}{subsection.2.3}% 43
\BOOKMARK [3][-]{subsubsection.2.3.10}{\376\377\000R\000e\000c\000e\000i\000v\000e\000\040\000N\000o\000t\000i\000f\000i\000c\000a\000t\000i\000o\000n\000s}{subsection.2.3}% 44
\BOOKMARK [3][-]{subsubsection.2.3.11}{\376\377\000G\000e\000n\000e\000r\000a\000t\000e\000\040\000R\000e\000p\000o\000r\000t\000s}{subsection.2.3}% 45
\BOOKMARK [3][-]{subsubsection.2.3.12}{\376\377\000M\000a\000n\000a\000g\000e\000\040\000S\000y\000s\000t\000e\000m}{subsection.2.3}% 46
\BOOKMARK [3][-]{subsubsection.2.3.13}{\376\377\000M\000a\000n\000a\000g\000e\000\040\000U\000s\000e\000r\000s}{subsection.2.3}% 47
\BOOKMARK [3][-]{subsubsection.2.3.14}{\376\377\000C\000o\000n\000f\000i\000g\000u\000r\000e\000\040\000A\000P\000I\000\040\000S\000o\000u\000r\000c\000e\000s}{subsection.2.3}% 48
\BOOKMARK [3][-]{subsubsection.2.3.15}{\376\377\000S\000y\000n\000c\000h\000r\000o\000n\000i\000z\000e\000\040\000A\000c\000a\000d\000e\000m\000i\000c\000\040\000D\000a\000t\000a}{subsection.2.3}% 49
\BOOKMARK [2][-]{subsection.2.4}{\376\377\000F\000u\000n\000c\000t\000i\000o\000n\000a\000l\000\040\000R\000e\000q\000u\000i\000r\000e\000m\000e\000n\000t\000s}{section.2}% 50
\BOOKMARK [3][-]{subsubsection.2.4.1}{\376\377\000U\000s\000e\000r\000\040\000A\000u\000t\000h\000e\000n\000t\000i\000c\000a\000t\000i\000o\000n\000\040\000a\000n\000d\000\040\000A\000u\000t\000h\000o\000r\000i\000z\000a\000t\000i\000o\000n}{subsection.2.4}% 51
\BOOKMARK [3][-]{subsubsection.2.4.2}{\376\377\000R\000e\000s\000e\000a\000r\000c\000h\000\040\000P\000a\000p\000e\000r\000\040\000S\000e\000a\000r\000c\000h}{subsection.2.4}% 52
\BOOKMARK [3][-]{subsubsection.2.4.3}{\376\377\000B\000o\000o\000k\000m\000a\000r\000k\000\040\000M\000a\000n\000a\000g\000e\000m\000e\000n\000t}{subsection.2.4}% 53
\BOOKMARK [3][-]{subsubsection.2.4.4}{\376\377\000P\000u\000b\000l\000i\000c\000a\000t\000i\000o\000n\000\040\000T\000r\000e\000n\000d\000\040\000A\000n\000a\000l\000y\000s\000i\000s}{subsection.2.4}% 54
\BOOKMARK [3][-]{subsubsection.2.4.5}{\376\377\000D\000a\000s\000h\000b\000o\000a\000r\000d\000\040\000V\000i\000s\000u\000a\000l\000i\000z\000a\000t\000i\000o\000n}{subsection.2.4}% 55
\BOOKMARK [3][-]{subsubsection.2.4.6}{\376\377\000T\000r\000e\000n\000d\000i\000n\000g\000\040\000T\000o\000p\000i\000c\000s}{subsection.2.4}% 56
\BOOKMARK [3][-]{subsubsection.2.4.7}{\376\377\000T\000o\000p\000i\000c\000\040\000F\000o\000l\000l\000o\000w\000i\000n\000g}{subsection.2.4}% 57
\BOOKMARK [3][-]{subsubsection.2.4.8}{\376\377\000N\000o\000t\000i\000f\000i\000c\000a\000t\000i\000o\000n\000\040\000M\000a\000n\000a\000g\000e\000m\000e\000n\000t}{subsection.2.4}% 58
\BOOKMARK [3][-]{subsubsection.2.4.9}{\376\377\000R\000e\000p\000o\000r\000t\000\040\000G\000e\000n\000e\000r\000a\000t\000i\000o\000n}{subsection.2.4}% 59
\BOOKMARK [3][-]{subsubsection.2.4.10}{\376\377\000S\000y\000s\000t\000e\000m\000\040\000A\000d\000m\000i\000n\000i\000s\000t\000r\000a\000t\000i\000o\000n}{subsection.2.4}% 60
\BOOKMARK [3][-]{subsubsection.2.4.11}{\376\377\000A\000c\000a\000d\000e\000m\000i\000c\000\040\000D\000a\000t\000a\000\040\000S\000y\000n\000c\000h\000r\000o\000n\000i\000z\000a\000t\000i\000o\000n}{subsection.2.4}% 61
\BOOKMARK [2][-]{subsection.2.5}{\376\377\000N\000o\000n\000-\000F\000u\000n\000c\000t\000i\000o\000n\000a\000l\000\040\000R\000e\000q\000u\000i\000r\000e\000m\000e\000n\000t\000s}{section.2}% 62
\BOOKMARK [3][-]{subsubsection.2.5.1}{\376\377\000U\000s\000a\000b\000i\000l\000i\000t\000y}{subsection.2.5}% 63
\BOOKMARK [3][-]{subsubsection.2.5.2}{\376\377\000P\000e\000r\000f\000o\000r\000m\000a\000n\000c\000e}{subsection.2.5}% 64
\BOOKMARK [3][-]{subsubsection.2.5.3}{\376\377\000R\000e\000l\000i\000a\000b\000i\000l\000i\000t\000y}{subsection.2.5}% 65
\BOOKMARK [3][-]{subsubsection.2.5.4}{\376\377\000S\000e\000c\000u\000r\000i\000t\000y}{subsection.2.5}% 66
\BOOKMARK [3][-]{subsubsection.2.5.5}{\376\377\000M\000a\000i\000n\000t\000a\000i\000n\000a\000b\000i\000l\000i\000t\000y\000\040\000\046\000\040\000S\000c\000a\000l\000a\000b\000i\000l\000i\000t\000y}{subsection.2.5}% 67
\BOOKMARK [2][-]{subsection.2.6}{\376\377\000S\000c\000r\000e\000e\000n\000\040\000A\000u\000t\000h\000o\000r\000i\000z\000a\000t\000i\000o\000n}{section.2}% 68
\BOOKMARK [2][-]{subsection.2.7}{\376\377\000\040\000N\000o\000n\000-\000S\000c\000r\000e\000e\000n\000\040\000F\000u\000n\000c\000t\000i\000o\000n\000s\000\040}{section.2}% 69
\BOOKMARK [2][-]{subsection.2.8}{\376\377\000\040\000E\000n\000t\000i\000t\000y\000\040\000R\000e\000l\000a\000t\000i\000o\000n\000s\000h\000i\000p\000\040\000D\000i\000a\000g\000r\000a\000m\000\040}{section.2}% 70
\BOOKMARK [2][-]{subsection.2.9}{\376\377\000\040\000C\000l\000a\000s\000s\000\040\000D\000i\000a\000g\000r\000a\000m\000\040}{section.2}% 71
\BOOKMARK [1][-]{section*.8}{\376\377\000=\000I\000V\000.\000\040\000S\000o\000f\000t\000w\000a\000r\000e\000\040\000D\000e\000s\000i\000g\000n\000\040\000D\000e\000s\000c\000r\000i\000p\000t\000i\000o\000n}{section*.7}% 72
\BOOKMARK [0][-]{section*.8}{\376\377\000\040\000I\000V\000.\000\040\000S\000o\000f\000t\000w\000a\000r\000e\000\040\000D\000e\000s\000i\000g\000n\000\040\000D\000e\000s\000c\000r\000i\000p\000t\000i\000o\000n}{}% 73
\BOOKMARK [1][-]{section.1}{\376\377\000S\000y\000s\000t\000e\000m\000\040\000D\000e\000s\000i\000g\000n}{section*.8}% 74
\BOOKMARK [2][-]{subsection.1.1}{\376\377\000S\000y\000s\000t\000e\000m\000\040\000A\000r\000c\000h\000i\000t\000e\000c\000t\000u\000r\000e}{section.1}% 75
\BOOKMARK [2][-]{subsection.1.2}{\376\377\000P\000a\000c\000k\000a\000g\000e\000\040\000D\000i\000a\000g\000r\000a\000m}{section.1}% 76
\BOOKMARK [3][-]{subsubsection.1.2.1}{\376\377\000F\000r\000o\000n\000t\000\040\000E\000n\000d\000\040}{subsection.1.2}% 77
\BOOKMARK [3][-]{subsubsection.1.2.2}{\376\377\000B\000a\000c\000k\000\040\000E\000n\000d\000\040}{subsection.1.2}% 78
\BOOKMARK [1][-]{section.2}{\376\377\000\040\000D\000a\000t\000a\000b\000a\000s\000e\000\040\000D\000e\000s\000i\000g\000n}{section*.8}% 79
\BOOKMARK [2][-]{subsection.2.1}{\376\377\000R\000o\000l\000e\000\040\000T\000a\000b\000l\000e}{section.2}% 80
\BOOKMARK [2][-]{subsection.2.2}{\376\377\000U\000s\000e\000r\000\040\000T\000a\000b\000l\000e}{section.2}% 81
\BOOKMARK [2][-]{subsection.2.3}{\376\377\000J\000o\000u\000r\000n\000a\000l\000\040\000T\000a\000b\000l\000e}{section.2}% 82
\BOOKMARK [2][-]{subsection.2.4}{\376\377\000U\000s\000e\000r\000F\000o\000l\000l\000o\000w\000J\000o\000u\000r\000n\000a\000l\000\040\000\050\000M\000:\000N\000\051}{section.2}% 83
\BOOKMARK [2][-]{subsection.2.5}{\376\377\000T\000o\000p\000i\000c\000\040\000T\000a\000b\000l\000e}{section.2}% 84
\BOOKMARK [2][-]{subsection.2.6}{\376\377\000U\000s\000e\000r\000F\000o\000l\000l\000o\000w\000T\000o\000p\000i\000c\000\040\000\050\000M\000:\000N\000\051}{section.2}% 85
\BOOKMARK [2][-]{subsection.2.7}{\376\377\000A\000P\000I\000S\000o\000u\000r\000c\000e\000\040\000T\000a\000b\000l\000e}{section.2}% 86
\BOOKMARK [2][-]{subsection.2.8}{\376\377\000A\000u\000t\000h\000o\000r\000\040\000T\000a\000b\000l\000e}{section.2}% 87
\BOOKMARK [2][-]{subsection.2.9}{\376\377\000K\000e\000y\000w\000o\000r\000d\000\040\000T\000a\000b\000l\000e}{section.2}% 88
\BOOKMARK [2][-]{subsection.2.10}{\376\377\000R\000e\000s\000e\000a\000r\000c\000h\000\040\000P\000a\000p\000e\000r\000\040\000T\000a\000b\000l\000e}{section.2}% 89
\BOOKMARK [2][-]{subsection.2.11}{\376\377\000P\000a\000p\000e\000r\000T\000o\000p\000i\000c\000\040\000\050\000M\000:\000N\000\051}{section.2}% 90
\BOOKMARK [2][-]{subsection.2.12}{\376\377\000P\000a\000p\000e\000r\000K\000e\000y\000w\000o\000r\000d\000\040\000\050\000M\000:\000N\000\051}{section.2}% 91
\BOOKMARK [2][-]{subsection.2.13}{\376\377\000P\000a\000p\000e\000r\000A\000u\000t\000h\000o\000r\000\040\000\050\000M\000:\000N\000\051}{section.2}% 92
\BOOKMARK [2][-]{subsection.2.14}{\376\377\000P\000u\000b\000l\000i\000c\000a\000t\000i\000o\000n\000T\000r\000e\000n\000d\000\040\000T\000a\000b\000l\000e}{section.2}% 93
\BOOKMARK [2][-]{subsection.2.15}{\376\377\000R\000e\000p\000o\000r\000t\000\040\000T\000a\000b\000l\000e}{section.2}% 94
\BOOKMARK [2][-]{subsection.2.16}{\376\377\000N\000o\000t\000i\000f\000i\000c\000a\000t\000i\000o\000n\000\040\000T\000a\000b\000l\000e}{section.2}% 95
\BOOKMARK [2][-]{subsection.2.17}{\376\377\000N\000o\000t\000i\000f\000i\000c\000a\000t\000i\000o\000n\000P\000a\000p\000e\000r\000\040\000\050\000M\000:\000N\000\051}{section.2}% 96
\BOOKMARK [2][-]{subsection.2.18}{\376\377\000B\000o\000o\000k\000m\000a\000r\000k\000\040\000T\000a\000b\000l\000e}{section.2}% 97
\BOOKMARK [1][-]{section.3}{\376\377\000\040\000D\000e\000t\000a\000i\000l\000\040\000D\000e\000s\000i\000g\000n}{section*.8}% 98
\BOOKMARK [2][-]{subsection.3.1}{\376\377\000R\000e\000g\000i\000s\000t\000e\000r}{section.3}% 99
\BOOKMARK [3][-]{subsubsection.3.1.1}{\376\377\000A\000c\000t\000i\000v\000i\000t\000y\000\040\000d\000i\000a\000g\000r\000a\000m}{subsection.3.1}% 100
\BOOKMARK [3][-]{subsubsection.3.1.2}{\376\377\000S\000e\000q\000u\000e\000n\000c\000e\000\040\000D\000i\000a\000g\000r\000a\000m}{subsection.3.1}% 101
\BOOKMARK [3][-]{subsubsection.3.1.3}{\376\377\000S\000t\000a\000t\000e\000\040\000D\000i\000a\000g\000r\000a\000m}{subsection.3.1}% 102
\BOOKMARK [2][-]{subsection.3.2}{\376\377\000L\000o\000g\000i\000n}{section.3}% 103
\BOOKMARK [3][-]{subsubsection.3.2.1}{\376\377\000A\000c\000t\000i\000v\000i\000t\000y\000\040\000D\000i\000a\000g\000r\000a\000m}{subsection.3.2}% 104
\BOOKMARK [3][-]{subsubsection.3.2.2}{\376\377\000S\000e\000q\000u\000e\000n\000c\000e\000\040\000D\000i\000a\000g\000r\000a\000m}{subsection.3.2}% 105
\BOOKMARK [3][-]{subsubsection.3.2.3}{\376\377\000S\000t\000a\000t\000e\000\040\000D\000i\000a\000g\000r\000a\000m}{subsection.3.2}% 106
\BOOKMARK [2][-]{subsection.3.3}{\376\377\000S\000e\000a\000r\000c\000h\000\040\000R\000e\000s\000e\000a\000r\000c\000h\000\040\000P\000a\000p\000e\000r\000s}{section.3}% 107
\BOOKMARK [3][-]{subsubsection.3.3.1}{\376\377\000A\000c\000t\000i\000v\000i\000t\000y\000\040\000D\000i\000a\000g\000r\000a\000m}{subsection.3.3}% 108
\BOOKMARK [3][-]{subsubsection.3.3.2}{\376\377\000S\000e\000q\000u\000e\000n\000c\000e\000\040\000D\000i\000a\000g\000r\000a\000m}{subsection.3.3}% 109
\BOOKMARK [3][-]{subsubsection.3.3.3}{\376\377\000S\000t\000a\000t\000e\000\040\000D\000i\000a\000g\000r\000a\000m}{subsection.3.3}% 110
\BOOKMARK [2][-]{subsection.3.4}{\376\377\000V\000i\000e\000w\000\040\000P\000a\000p\000e\000r\000\040\000D\000e\000t\000a\000i\000l\000s}{section.3}% 111
\BOOKMARK [3][-]{subsubsection.3.4.1}{\376\377\000A\000c\000t\000i\000v\000i\000t\000y\000\040\000D\000i\000a\000g\000r\000a\000m}{subsection.3.4}% 112
\BOOKMARK [3][-]{subsubsection.3.4.2}{\376\377\000S\000e\000q\000u\000e\000n\000c\000e\000\040\000D\000i\000a\000g\000r\000a\000m}{subsection.3.4}% 113
\BOOKMARK [3][-]{subsubsection.3.4.3}{\376\377\000S\000t\000a\000t\000e\000\040\000D\000i\000a\000g\000r\000a\000m}{subsection.3.4}% 114
\BOOKMARK [2][-]{subsection.3.5}{\376\377\000S\000a\000v\000e\000\040\000B\000o\000o\000k\000m\000a\000r\000k\000s}{section.3}% 115
\BOOKMARK [3][-]{subsubsection.3.5.1}{\376\377\000A\000c\000t\000i\000v\000i\000t\000y\000\040\000D\000i\000a\000g\000r\000a\000m}{subsection.3.5}% 116
\BOOKMARK [3][-]{subsubsection.3.5.2}{\376\377\000S\000e\000q\000u\000e\000n\000c\000e\000\040\000D\000i\000a\000g\000r\000a\000m}{subsection.3.5}% 117
\BOOKMARK [3][-]{subsubsection.3.5.3}{\376\377\000S\000t\000a\000t\000e\000\040\000D\000i\000a\000g\000r\000a\000m}{subsection.3.5}% 118
\BOOKMARK [2][-]{subsection.3.6}{\376\377\000T\000r\000a\000c\000k\000\040\000P\000u\000b\000l\000i\000c\000a\000t\000i\000o\000n\000\040\000T\000r\000e\000n\000d\000s}{section.3}% 119
\BOOKMARK [3][-]{subsubsection.3.6.1}{\376\377\000A\000c\000t\000i\000v\000i\000t\000y\000\040\000D\000i\000a\000g\000r\000a\000m}{subsection.3.6}% 120
\BOOKMARK [3][-]{subsubsection.3.6.2}{\376\377\000S\000e\000q\000u\000e\000n\000c\000e\000\040\000D\000i\000a\000g\000r\000a\000m}{subsection.3.6}% 121
\BOOKMARK [3][-]{subsubsection.3.6.3}{\376\377\000S\000t\000a\000t\000e\000\040\000D\000i\000a\000g\000r\000a\000m}{subsection.3.6}% 122
\BOOKMARK [2][-]{subsection.3.7}{\376\377\000V\000i\000e\000w\000\040\000D\000a\000s\000h\000b\000o\000a\000r\000d}{section.3}% 123
\BOOKMARK [3][-]{subsubsection.3.7.1}{\376\377\000A\000c\000t\000i\000v\000i\000t\000y\000\040\000D\000i\000a\000g\000r\000a\000m}{subsection.3.7}% 124
\BOOKMARK [3][-]{subsubsection.3.7.2}{\376\377\000S\000e\000q\000u\000e\000n\000c\000e\000\040\000D\000i\000a\000g\000r\000a\000m}{subsection.3.7}% 125
\BOOKMARK [3][-]{subsubsection.3.7.3}{\376\377\000S\000t\000a\000t\000e\000\040\000D\000i\000a\000g\000r\000a\000m}{subsection.3.7}% 126
\BOOKMARK [2][-]{subsection.3.8}{\376\377\000G\000e\000n\000e\000r\000a\000t\000e\000\040\000R\000e\000p\000o\000r\000t\000s}{section.3}% 127
\BOOKMARK [3][-]{subsubsection.3.8.1}{\376\377\000A\000c\000t\000i\000v\000i\000t\000y\000\040\000D\000i\000a\000g\000r\000a\000m}{subsection.3.8}% 128
\BOOKMARK [3][-]{subsubsection.3.8.2}{\376\377\000S\000e\000q\000u\000e\000n\000c\000e\000\040\000D\000i\000a\000g\000r\000a\000m}{subsection.3.8}% 129
\BOOKMARK [3][-]{subsubsection.3.8.3}{\376\377\000S\000t\000a\000t\000e\000\040\000D\000i\000a\000g\000r\000a\000m}{subsection.3.8}% 130
\BOOKMARK [2][-]{subsection.3.9}{\376\377\000V\000i\000e\000w\000\040\000T\000r\000e\000n\000d\000i\000n\000g\000\040\000T\000o\000p\000i\000c\000s}{section.3}% 131
\BOOKMARK [3][-]{subsubsection.3.9.1}{\376\377\000A\000c\000t\000i\000v\000i\000t\000y\000\040\000D\000i\000a\000g\000r\000a\000m}{subsection.3.9}% 132
\BOOKMARK [3][-]{subsubsection.3.9.2}{\376\377\000S\000e\000q\000u\000e\000n\000c\000e\000\040\000D\000i\000a\000g\000r\000a\000m}{subsection.3.9}% 133
\BOOKMARK [3][-]{subsubsection.3.9.3}{\376\377\000S\000t\000a\000t\000e\000\040\000D\000i\000a\000g\000r\000a\000m}{subsection.3.9}% 134
\BOOKMARK [2][-]{subsection.3.10}{\376\377\000F\000o\000l\000l\000o\000w\000\040\000T\000o\000p\000i\000c\000s}{section.3}% 135
\BOOKMARK [3][-]{subsubsection.3.10.1}{\376\377\000A\000c\000t\000i\000v\000i\000t\000y\000\040\000D\000i\000a\000g\000r\000a\000m}{subsection.3.10}% 136
\BOOKMARK [3][-]{subsubsection.3.10.2}{\376\377\000S\000e\000q\000u\000e\000n\000c\000e\000\040\000D\000i\000a\000g\000r\000a\000m}{subsection.3.10}% 137
\BOOKMARK [3][-]{subsubsection.3.10.3}{\376\377\000S\000t\000a\000t\000e\000\040\000D\000i\000a\000g\000r\000a\000m}{subsection.3.10}% 138
\BOOKMARK [2][-]{subsection.3.11}{\376\377\000R\000e\000c\000e\000i\000v\000e\000\040\000N\000o\000t\000i\000f\000i\000c\000a\000t\000i\000o\000n\000s}{section.3}% 139
\BOOKMARK [3][-]{subsubsection.3.11.1}{\376\377\000A\000c\000t\000i\000v\000i\000t\000y\000\040\000D\000i\000a\000g\000r\000a\000m}{subsection.3.11}% 140
\BOOKMARK [3][-]{subsubsection.3.11.2}{\376\377\000S\000e\000q\000u\000e\000n\000c\000e\000\040\000D\000i\000a\000g\000r\000a\000m}{subsection.3.11}% 141
\BOOKMARK [3][-]{subsubsection.3.11.3}{\376\377\000S\000t\000a\000t\000e\000\040\000D\000i\000a\000g\000r\000a\000m}{subsection.3.11}% 142
\BOOKMARK [2][-]{subsection.3.12}{\376\377\000M\000a\000n\000a\000g\000e\000\040\000S\000y\000s\000t\000e\000m}{section.3}% 143
\BOOKMARK [3][-]{subsubsection.3.12.1}{\376\377\000A\000c\000t\000i\000v\000i\000t\000y\000\040\000D\000i\000a\000g\000r\000a\000m}{subsection.3.12}% 144
\BOOKMARK [3][-]{subsubsection.3.12.2}{\376\377\000S\000e\000q\000u\000e\000n\000c\000e\000\040\000D\000i\000a\000g\000r\000a\000m}{subsection.3.12}% 145
\BOOKMARK [3][-]{subsubsection.3.12.3}{\376\377\000S\000t\000a\000t\000e\000\040\000D\000i\000a\000g\000r\000a\000m}{subsection.3.12}% 146
\BOOKMARK [2][-]{subsection.3.13}{\376\377\000M\000a\000n\000a\000g\000e\000\040\000U\000s\000e\000r}{section.3}% 147
\BOOKMARK [3][-]{subsubsection.3.13.1}{\376\377\000A\000c\000t\000i\000v\000i\000t\000y\000\040\000D\000i\000a\000g\000r\000a\000m}{subsection.3.13}% 148
\BOOKMARK [3][-]{subsubsection.3.13.2}{\376\377\000S\000e\000q\000u\000e\000n\000c\000e\000\040\000D\000i\000a\000g\000r\000a\000m}{subsection.3.13}% 149
\BOOKMARK [3][-]{subsubsection.3.13.3}{\376\377\000S\000t\000a\000t\000e\000\040\000D\000i\000a\000g\000r\000a\000m}{subsection.3.13}% 150
\BOOKMARK [2][-]{subsection.3.14}{\376\377\000C\000o\000n\000f\000i\000g\000u\000r\000e\000\040\000A\000P\000I\000\040\000S\000o\000u\000r\000c\000e\000s}{section.3}% 151
\BOOKMARK [3][-]{subsubsection.3.14.1}{\376\377\000A\000c\000t\000i\000v\000i\000t\000y\000\040\000D\000i\000a\000g\000r\000a\000m}{subsection.3.14}% 152
\BOOKMARK [3][-]{subsubsection.3.14.2}{\376\377\000S\000e\000q\000u\000e\000n\000c\000e\000\040\000D\000i\000a\000g\000r\000a\000m}{subsection.3.14}% 153
\BOOKMARK [3][-]{subsubsection.3.14.3}{\376\377\000S\000t\000a\000t\000e\000\040\000D\000i\000a\000g\000r\000a\000m}{subsection.3.14}% 154
\BOOKMARK [2][-]{subsection.3.15}{\376\377\000S\000y\000n\000c\000\040\000A\000c\000a\000d\000e\000m\000i\000c\000\040\000D\000a\000t\000a}{section.3}% 155
\BOOKMARK [3][-]{subsubsection.3.15.1}{\376\377\000A\000c\000t\000i\000v\000i\000t\000y\000\040\000D\000i\000a\000g\000r\000a\000m}{subsection.3.15}% 156
\BOOKMARK [3][-]{subsubsection.3.15.2}{\376\377\000S\000e\000q\000u\000e\000n\000c\000e\000\040\000D\000i\000a\000g\000r\000a\000m}{subsection.3.15}% 157
\BOOKMARK [3][-]{subsubsection.3.15.3}{\376\377\000S\000t\000a\000t\000e\000\040\000D\000i\000a\000g\000r\000a\000m}{subsection.3.15}% 158
